Mon Jun 30 02:47:13 UTC 2014
make[2]: Entering directory '/sources/gcc-build'
make[3]: Entering directory '/sources/gcc-build'
make[4]: Entering directory '/sources/gcc-build/fixincludes'
autogen -T ../../gcc-4.8.3/fixincludes/check.tpl ../../gcc-4.8.3/fixincludes/inclhack.def
make[4]: autogen: Command not found
Makefile:176: recipe for target 'check' failed
make[4]: *** [check] Error 127
make[4]: Leaving directory '/sources/gcc-build/fixincludes'
Makefile:3394: recipe for target 'check-fixincludes' failed
make[3]: *** [check-fixincludes] Error 2
make[4]: Entering directory '/sources/gcc-build/gcc'
Making a new config file...
echo "set tmpdir /sources/gcc-build/gcc/testsuite" >> ./site.tmp
make[5]: Entering directory '/sources/gcc-build/gcc'
test -d plugin || mkdir plugin
test -d testsuite || mkdir testsuite
test -d testsuite/gcc || mkdir testsuite/gcc
(rootme=`${PWDCMD-pwd}`; export rootme; \
srcdir=`cd ../../gcc-4.8.3/gcc; ${PWDCMD-pwd}` ; export srcdir ; \
cd testsuite/gcc; \
rm -f tmp-site.exp; \
sed '/set tmpdir/ s|testsuite$|testsuite/gcc|' \
	< ../../site.exp > tmp-site.exp; \
/bin/sh ${srcdir}/../move-if-change tmp-site.exp site.exp; \
EXPECT=`if [ -f ${rootme}/../expect/expect ] ; then echo ${rootme}/../expect/expect ; else echo expect ; fi` ; export EXPECT ; \
if [ -f ${rootme}/../expect/expect ] ; then  \
   TCL_LIBRARY=`cd .. ; cd ${srcdir}/../tcl/library ; ${PWDCMD-pwd}` ; \
    export TCL_LIBRARY ; fi ; \
runtestflags= ; \
if [ -n "" ] ; then \
  runtestflags=""; \
elif [ -n "" ] ; then \
  parts="`echo '  ' \
	  | sed 's/=[^ ]* / /g'`"; \
  for part in `find $srcdir/testsuite/gcc* -name \*.exp` ; do \
    part=`basename $part` ; \
    case " $parts $runtestflags " in \
      *" $part "*) ;; \
      *) runtestflags="$runtestflags $part" ;; \
    esac ; \
  done ; \
fi ; \
`if [ -f ${srcdir}/../dejagnu/runtest ] ; then echo ${srcdir}/../dejagnu/runtest ; else echo runtest; fi` --tool gcc  $runtestflags)
WARNING: Couldn't find the global config file.
Test Run By root on Mon Jun 30 06:57:14 2014
Native configuration is powerpc-unknown-linux-gnu

		=== gcc tests ===

Schedule of variations:
    unix

Running target unix
Using /tools/share/dejagnu/baseboards/unix.exp as board description file for target.
Using /tools/share/dejagnu/config/unix.exp as generic interface file for target.
Using /sources/gcc-4.8.3/gcc/testsuite/config/default.exp as tool-and-target-specific interface file.
Running /sources/gcc-4.8.3/gcc/testsuite/gcc.c-torture/compile/compile.exp ...
Running /sources/gcc-4.8.3/gcc/testsuite/gcc.c-torture/execute/builtins/builtins.exp ...
Running /sources/gcc-4.8.3/gcc/testsuite/gcc.c-torture/execute/execute.exp ...
Running /sources/gcc-4.8.3/gcc/testsuite/gcc.c-torture/execute/ieee/ieee.exp ...
Running /sources/gcc-4.8.3/gcc/testsuite/gcc.c-torture/unsorted/unsorted.exp ...

Running /sources/gcc-4.8.3/gcc/testsuite/gcc.dg/asan/asan.exp ...
FAIL: c-c++-common/asan/null-deref-1.c  -O0  output pattern test, is ASAN:SIGSEGV
=================================================================
==18878== ERROR: AddressSanitizer: SEGV on unknown address 0x00000028 (pc 0x100006c8 sp 0xbfe62f80 bp 0xbfe62f80 T0)
AddressSanitizer can not provide additional info.
    #0 0x100006c4 (/sources/gcc-build/gcc/testsuite/gcc/null-deref-1.exe+0x6c4)
==18878== ABORTING
, should match ERROR: AddressSanitizer:? SEGV on unknown address[^
]*0x[0-9a-f]+ [^
]*pc 0x[0-9a-f]+[^
]*(
|
|)AddressSanitizer can not provide additional info.*(
|
|)    #0 0x[0-9a-f]+ (in [^
]*NullDeref[^
]* ([^
]*null-deref-1.c:10|[^
]*:0)|[(])[^
]*(
|
|)    #1 0x[0-9a-f]+ (in _*main ([^
]*null-deref-1.c:15|[^
]*:0)|[(])[^
]*(
|
|)
FAIL: c-c++-common/asan/null-deref-1.c  -O1  output pattern test, is ASAN:SIGSEGV
=================================================================
==18902== ERROR: AddressSanitizer: SEGV on unknown address 0x00000028 (pc 0x10000694 sp 0xbf83e7f0 bp 0xbf83e7f0 T0)
AddressSanitizer can not provide additional info.
    #0 0x10000690 (/sources/gcc-build/gcc/testsuite/gcc/null-deref-1.exe+0x690)
==18902== ABORTING
, should match ERROR: AddressSanitizer:? SEGV on unknown address[^
]*0x[0-9a-f]+ [^
]*pc 0x[0-9a-f]+[^
]*(
|
|)AddressSanitizer can not provide additional info.*(
|
|)    #0 0x[0-9a-f]+ (in [^
]*NullDeref[^
]* ([^
]*null-deref-1.c:10|[^
]*:0)|[(])[^
]*(
|
|)    #1 0x[0-9a-f]+ (in _*main ([^
]*null-deref-1.c:15|[^
]*:0)|[(])[^
]*(
|
|)
FAIL: c-c++-common/asan/null-deref-1.c  -O2  output pattern test, is ASAN:SIGSEGV
=================================================================
==18926== ERROR: AddressSanitizer: SEGV on unknown address 0x00000028 (pc 0x100006dc sp 0xbfe9caa0 bp 0xbfe9caa0 T0)
AddressSanitizer can not provide additional info.
    #0 0x100006d8 (/sources/gcc-build/gcc/testsuite/gcc/null-deref-1.exe+0x6d8)
==18926== ABORTING
, should match ERROR: AddressSanitizer:? SEGV on unknown address[^
]*0x[0-9a-f]+ [^
]*pc 0x[0-9a-f]+[^
]*(
|
|)AddressSanitizer can not provide additional info.*(
|
|)    #0 0x[0-9a-f]+ (in [^
]*NullDeref[^
]* ([^
]*null-deref-1.c:10|[^
]*:0)|[(])[^
]*(
|
|)    #1 0x[0-9a-f]+ (in _*main ([^
]*null-deref-1.c:15|[^
]*:0)|[(])[^
]*(
|
|)
FAIL: c-c++-common/asan/null-deref-1.c  -O3 -fomit-frame-pointer  output pattern test, is ASAN:SIGSEGV
=================================================================
==18949== ERROR: AddressSanitizer: SEGV on unknown address 0x00000028 (pc 0x100006dc sp 0xbfa936b0 bp 0xbfa936b0 T0)
AddressSanitizer can not provide additional info.
    #0 0x100006d8 (/sources/gcc-build/gcc/testsuite/gcc/null-deref-1.exe+0x6d8)
==18949== ABORTING
, should match ERROR: AddressSanitizer:? SEGV on unknown address[^
]*0x[0-9a-f]+ [^
]*pc 0x[0-9a-f]+[^
]*(
|
|)AddressSanitizer can not provide additional info.*(
|
|)    #0 0x[0-9a-f]+ (in [^
]*NullDeref[^
]* ([^
]*null-deref-1.c:10|[^
]*:0)|[(])[^
]*(
|
|)    #1 0x[0-9a-f]+ (in _*main ([^
]*null-deref-1.c:15|[^
]*:0)|[(])[^
]*(
|
|)
FAIL: c-c++-common/asan/null-deref-1.c  -O3 -g  output pattern test, is ASAN:SIGSEGV
=================================================================
==18973== ERROR: AddressSanitizer: SEGV on unknown address 0x00000028 (pc 0x100006dc sp 0xbfed0d30 bp 0xbfed0d30 T0)
AddressSanitizer can not provide additional info.
    #0 0x100006d8 (/sources/gcc-build/gcc/testsuite/gcc/null-deref-1.exe+0x6d8)
==18973== ABORTING
, should match ERROR: AddressSanitizer:? SEGV on unknown address[^
]*0x[0-9a-f]+ [^
]*pc 0x[0-9a-f]+[^
]*(
|
|)AddressSanitizer can not provide additional info.*(
|
|)    #0 0x[0-9a-f]+ (in [^
]*NullDeref[^
]* ([^
]*null-deref-1.c:10|[^
]*:0)|[(])[^
]*(
|
|)    #1 0x[0-9a-f]+ (in _*main ([^
]*null-deref-1.c:15|[^
]*:0)|[(])[^
]*(
|
|)
FAIL: c-c++-common/asan/null-deref-1.c  -Os  output pattern test, is ASAN:SIGSEGV
=================================================================
==18996== ERROR: AddressSanitizer: SEGV on unknown address 0x00000028 (pc 0x10000704 sp 0xbfa4b970 bp 0xbfa4b970 T0)
AddressSanitizer can not provide additional info.
    #0 0x10000700 (/sources/gcc-build/gcc/testsuite/gcc/null-deref-1.exe+0x700)
==18996== ABORTING
, should match ERROR: AddressSanitizer:? SEGV on unknown address[^
]*0x[0-9a-f]+ [^
]*pc 0x[0-9a-f]+[^
]*(
|
|)AddressSanitizer can not provide additional info.*(
|
|)    #0 0x[0-9a-f]+ (in [^
]*NullDeref[^
]* ([^
]*null-deref-1.c:10|[^
]*:0)|[(])[^
]*(
|
|)    #1 0x[0-9a-f]+ (in _*main ([^
]*null-deref-1.c:15|[^
]*:0)|[(])[^
]*(
|
|)
FAIL: c-c++-common/asan/null-deref-1.c  -O2 -flto -fno-use-linker-plugin -flto-partition=none  output pattern test, is ASAN:SIGSEGV
=================================================================
==19044== ERROR: AddressSanitizer: SEGV on unknown address 0x00000028 (pc 0x100006dc sp 0xbfe54b00 bp 0xbfe54b00 T0)
AddressSanitizer can not provide additional info.
    #0 0x100006d8 (/sources/gcc-build/gcc/testsuite/gcc/null-deref-1.exe+0x6d8)
==19044== ABORTING
, should match ERROR: AddressSanitizer:? SEGV on unknown address[^
]*0x[0-9a-f]+ [^
]*pc 0x[0-9a-f]+[^
]*(
|
|)AddressSanitizer can not provide additional info.*(
|
|)    #0 0x[0-9a-f]+ (in [^
]*NullDeref[^
]* ([^
]*null-deref-1.c:10|[^
]*:0)|[(])[^
]*(
|
|)    #1 0x[0-9a-f]+ (in _*main ([^
]*null-deref-1.c:15|[^
]*:0)|[(])[^
]*(
|
|)
FAIL: c-c++-common/asan/null-deref-1.c  -O2 -flto -fuse-linker-plugin -fno-fat-lto-objects  output pattern test, is ASAN:SIGSEGV
=================================================================
==19076== ERROR: AddressSanitizer: SEGV on unknown address 0x00000028 (pc 0x100006ec sp 0xbf9d0240 bp 0xbf9d0240 T0)
AddressSanitizer can not provide additional info.
    #0 0x100006e8 (/sources/gcc-build/gcc/testsuite/gcc/null-deref-1.exe+0x6e8)
==19076== ABORTING
, should match ERROR: AddressSanitizer:? SEGV on unknown address[^
]*0x[0-9a-f]+ [^
]*pc 0x[0-9a-f]+[^
]*(
|
|)AddressSanitizer can not provide additional info.*(
|
|)    #0 0x[0-9a-f]+ (in [^
]*NullDeref[^
]* ([^
]*null-deref-1.c:10|[^
]*:0)|[(])[^
]*(
|
|)    #1 0x[0-9a-f]+ (in _*main ([^
]*null-deref-1.c:15|[^
]*:0)|[(])[^
]*(
|
|)
Running /sources/gcc-4.8.3/gcc/testsuite/gcc.dg/autopar/autopar.exp ...
Running /sources/gcc-4.8.3/gcc/testsuite/gcc.dg/charset/charset.exp ...
Running /sources/gcc-4.8.3/gcc/testsuite/gcc.dg/compat/compat.exp ...
Running /sources/gcc-4.8.3/gcc/testsuite/gcc.dg/compat/struct-layout-1.exp ...
Running /sources/gcc-4.8.3/gcc/testsuite/gcc.dg/cpp/cpp.exp ...
Running /sources/gcc-4.8.3/gcc/testsuite/gcc.dg/cpp/trad/trad.exp ...
Running /sources/gcc-4.8.3/gcc/testsuite/gcc.dg/debug/debug.exp ...
Running /sources/gcc-4.8.3/gcc/testsuite/gcc.dg/debug/dwarf2/dwarf2.exp ...
Running /sources/gcc-4.8.3/gcc/testsuite/gcc.dg/dfp/dfp.exp ...
Running /sources/gcc-4.8.3/gcc/testsuite/gcc.dg/dg.exp ...
FAIL: gcc.dg/and-1.c scan-assembler-not nand
Running /sources/gcc-4.8.3/gcc/testsuite/gcc.dg/fixed-point/fixed-point.exp ...
Running /sources/gcc-4.8.3/gcc/testsuite/gcc.dg/format/format.exp ...
Running /sources/gcc-4.8.3/gcc/testsuite/gcc.dg/gomp/gomp.exp ...
Running /sources/gcc-4.8.3/gcc/testsuite/gcc.dg/graphite/graphite.exp ...
Running /sources/gcc-4.8.3/gcc/testsuite/gcc.dg/guality/guality.exp ...
Running /sources/gcc-4.8.3/gcc/testsuite/gcc.dg/ipa/ipa.exp ...
Running /sources/gcc-4.8.3/gcc/testsuite/gcc.dg/lto/lto.exp ...
Running /sources/gcc-4.8.3/gcc/testsuite/gcc.dg/noncompile/noncompile.exp ...
Running /sources/gcc-4.8.3/gcc/testsuite/gcc.dg/pch/pch.exp ...
Running /sources/gcc-4.8.3/gcc/testsuite/gcc.dg/plugin/plugin.exp ...
Running /sources/gcc-4.8.3/gcc/testsuite/gcc.dg/simulate-thread/simulate-thread.exp ...
Running /sources/gcc-4.8.3/gcc/testsuite/gcc.dg/special/mips-abi.exp ...
Running /sources/gcc-4.8.3/gcc/testsuite/gcc.dg/special/special.exp ...
Running /sources/gcc-4.8.3/gcc/testsuite/gcc.dg/tls/tls.exp ...
Running /sources/gcc-4.8.3/gcc/testsuite/gcc.dg/tm/tm.exp ...
Running /sources/gcc-4.8.3/gcc/testsuite/gcc.dg/torture/dg-torture.exp ...
Running /sources/gcc-4.8.3/gcc/testsuite/gcc.dg/torture/stackalign/stackalign.exp ...
Running /sources/gcc-4.8.3/gcc/testsuite/gcc.dg/torture/tls/tls.exp ...
Running /sources/gcc-4.8.3/gcc/testsuite/gcc.dg/tree-prof/tree-prof.exp ...
Running /sources/gcc-4.8.3/gcc/testsuite/gcc.dg/tree-ssa/tree-ssa.exp ...
FAIL: gcc.dg/tree-ssa/sra-12.c scan-tree-dump-times release_ssa "l;" 0
FAIL: gcc.dg/tree-ssa/ssa-dom-thread-4.c scan-tree-dump-times dom1 "Threaded" 3
FAIL: gcc.dg/tree-ssa/vrp47.c scan-tree-dump-times vrp1 "[xy][^ ]* !=" 0
FAIL: gcc.dg/tree-ssa/vrp47.c scan-tree-dump-times dom2 "x[^ ]* & y" 1
Running /sources/gcc-4.8.3/gcc/testsuite/gcc.dg/vect/costmodel/i386/i386-costmodel-vect.exp ...
Running /sources/gcc-4.8.3/gcc/testsuite/gcc.dg/vect/costmodel/ppc/ppc-costmodel-vect.exp ...
Running /sources/gcc-4.8.3/gcc/testsuite/gcc.dg/vect/costmodel/spu/spu-costmodel-vect.exp ...
Running /sources/gcc-4.8.3/gcc/testsuite/gcc.dg/vect/costmodel/x86_64/x86_64-costmodel-vect.exp ...
Running /sources/gcc-4.8.3/gcc/testsuite/gcc.dg/vect/vect.exp ...
Running /sources/gcc-4.8.3/gcc/testsuite/gcc.dg/vmx/vmx.exp ...
FAIL: gcc.dg/vmx/extract-vsx-be-order.c  -O0  execution test
FAIL: gcc.dg/vmx/extract-vsx.c  -O0  execution test
FAIL: gcc.dg/vmx/insert-vsx-be-order.c  -O0  execution test
FAIL: gcc.dg/vmx/insert-vsx-be-order.c  -O1  execution test
FAIL: gcc.dg/vmx/insert-vsx-be-order.c  -O2  execution test
FAIL: gcc.dg/vmx/insert-vsx-be-order.c  -O3 -fomit-frame-pointer  execution test
FAIL: gcc.dg/vmx/insert-vsx-be-order.c  -O3 -g  execution test
FAIL: gcc.dg/vmx/insert-vsx-be-order.c  -Os  execution test
FAIL: gcc.dg/vmx/insert-vsx-be-order.c  -O2 -flto -fno-use-linker-plugin -flto-partition=none  execution test
FAIL: gcc.dg/vmx/insert-vsx-be-order.c  -O2 -flto -fuse-linker-plugin -fno-fat-lto-objects  execution test
FAIL: gcc.dg/vmx/insert-vsx.c  -O0  execution test
FAIL: gcc.dg/vmx/insert-vsx.c  -O1  execution test
FAIL: gcc.dg/vmx/insert-vsx.c  -O2  execution test
FAIL: gcc.dg/vmx/insert-vsx.c  -O3 -fomit-frame-pointer  execution test
FAIL: gcc.dg/vmx/insert-vsx.c  -O3 -g  execution test
FAIL: gcc.dg/vmx/insert-vsx.c  -Os  execution test
FAIL: gcc.dg/vmx/insert-vsx.c  -O2 -flto -fno-use-linker-plugin -flto-partition=none  execution test
FAIL: gcc.dg/vmx/insert-vsx.c  -O2 -flto -fuse-linker-plugin -fno-fat-lto-objects  execution test
FAIL: gcc.dg/vmx/ld-vsx-be-order.c  -O0  execution test
FAIL: gcc.dg/vmx/ld-vsx-be-order.c  -O1  execution test
FAIL: gcc.dg/vmx/ld-vsx-be-order.c  -O2  execution test
FAIL: gcc.dg/vmx/ld-vsx-be-order.c  -O3 -fomit-frame-pointer  execution test
FAIL: gcc.dg/vmx/ld-vsx-be-order.c  -O3 -fomit-frame-pointer -funroll-loops  execution test
FAIL: gcc.dg/vmx/ld-vsx-be-order.c  -O3 -fomit-frame-pointer -funroll-all-loops -finline-functions  execution test
FAIL: gcc.dg/vmx/ld-vsx-be-order.c  -O3 -g  execution test
FAIL: gcc.dg/vmx/ld-vsx-be-order.c  -Os  execution test
FAIL: gcc.dg/vmx/ld-vsx-be-order.c  -O2 -flto -fno-use-linker-plugin -flto-partition=none  execution test
FAIL: gcc.dg/vmx/ld-vsx-be-order.c  -O2 -flto -fuse-linker-plugin -fno-fat-lto-objects  execution test
FAIL: gcc.dg/vmx/ld-vsx.c  -O0  execution test
FAIL: gcc.dg/vmx/ld-vsx.c  -O1  execution test
FAIL: gcc.dg/vmx/ld-vsx.c  -O2  execution test
FAIL: gcc.dg/vmx/ld-vsx.c  -O3 -fomit-frame-pointer  execution test
FAIL: gcc.dg/vmx/ld-vsx.c  -O3 -fomit-frame-pointer -funroll-loops  execution test
FAIL: gcc.dg/vmx/ld-vsx.c  -O3 -fomit-frame-pointer -funroll-all-loops -finline-functions  execution test
FAIL: gcc.dg/vmx/ld-vsx.c  -O3 -g  execution test
FAIL: gcc.dg/vmx/ld-vsx.c  -Os  execution test
FAIL: gcc.dg/vmx/ld-vsx.c  -O2 -flto -fno-use-linker-plugin -flto-partition=none  execution test
FAIL: gcc.dg/vmx/ld-vsx.c  -O2 -flto -fuse-linker-plugin -fno-fat-lto-objects  execution test
FAIL: gcc.dg/vmx/ldl-vsx-be-order.c  -O0  execution test
FAIL: gcc.dg/vmx/ldl-vsx-be-order.c  -O1  execution test
FAIL: gcc.dg/vmx/ldl-vsx-be-order.c  -O2  execution test
FAIL: gcc.dg/vmx/ldl-vsx-be-order.c  -O3 -fomit-frame-pointer  execution test
FAIL: gcc.dg/vmx/ldl-vsx-be-order.c  -O3 -fomit-frame-pointer -funroll-loops  execution test
FAIL: gcc.dg/vmx/ldl-vsx-be-order.c  -O3 -fomit-frame-pointer -funroll-all-loops -finline-functions  execution test
FAIL: gcc.dg/vmx/ldl-vsx-be-order.c  -O3 -g  execution test
FAIL: gcc.dg/vmx/ldl-vsx-be-order.c  -Os  execution test
FAIL: gcc.dg/vmx/ldl-vsx-be-order.c  -O2 -flto -fno-use-linker-plugin -flto-partition=none  execution test
FAIL: gcc.dg/vmx/ldl-vsx-be-order.c  -O2 -flto -fuse-linker-plugin -fno-fat-lto-objects  execution test
FAIL: gcc.dg/vmx/ldl-vsx.c  -O0  execution test
FAIL: gcc.dg/vmx/ldl-vsx.c  -O1  execution test
FAIL: gcc.dg/vmx/ldl-vsx.c  -O2  execution test
FAIL: gcc.dg/vmx/ldl-vsx.c  -O3 -fomit-frame-pointer  execution test
FAIL: gcc.dg/vmx/ldl-vsx.c  -O3 -fomit-frame-pointer -funroll-loops  execution test
FAIL: gcc.dg/vmx/ldl-vsx.c  -O3 -fomit-frame-pointer -funroll-all-loops -finline-functions  execution test
FAIL: gcc.dg/vmx/ldl-vsx.c  -O3 -g  execution test
FAIL: gcc.dg/vmx/ldl-vsx.c  -Os  execution test
FAIL: gcc.dg/vmx/ldl-vsx.c  -O2 -flto -fno-use-linker-plugin -flto-partition=none  execution test
FAIL: gcc.dg/vmx/ldl-vsx.c  -O2 -flto -fuse-linker-plugin -fno-fat-lto-objects  execution test
FAIL: gcc.dg/vmx/merge-vsx-be-order.c  -O0  execution test
FAIL: gcc.dg/vmx/merge-vsx-be-order.c  -O1  execution test
FAIL: gcc.dg/vmx/merge-vsx-be-order.c  -O2  execution test
FAIL: gcc.dg/vmx/merge-vsx-be-order.c  -O3 -fomit-frame-pointer  execution test
FAIL: gcc.dg/vmx/merge-vsx-be-order.c  -O3 -g  execution test
FAIL: gcc.dg/vmx/merge-vsx-be-order.c  -Os  execution test
FAIL: gcc.dg/vmx/merge-vsx-be-order.c  -O2 -flto -fno-use-linker-plugin -flto-partition=none  execution test
FAIL: gcc.dg/vmx/merge-vsx-be-order.c  -O2 -flto -fuse-linker-plugin -fno-fat-lto-objects  execution test
FAIL: gcc.dg/vmx/merge-vsx.c  -O0  execution test
FAIL: gcc.dg/vmx/merge-vsx.c  -O1  execution test
FAIL: gcc.dg/vmx/merge-vsx.c  -O2  execution test
FAIL: gcc.dg/vmx/merge-vsx.c  -O3 -fomit-frame-pointer  execution test
FAIL: gcc.dg/vmx/merge-vsx.c  -O3 -g  execution test
FAIL: gcc.dg/vmx/merge-vsx.c  -Os  execution test
FAIL: gcc.dg/vmx/merge-vsx.c  -O2 -flto -fno-use-linker-plugin -flto-partition=none  execution test
FAIL: gcc.dg/vmx/merge-vsx.c  -O2 -flto -fuse-linker-plugin -fno-fat-lto-objects  execution test
FAIL: gcc.dg/vmx/splat-vsx-be-order.c  -O0  execution test
FAIL: gcc.dg/vmx/splat-vsx-be-order.c  -O1  execution test
FAIL: gcc.dg/vmx/splat-vsx-be-order.c  -O2  execution test
FAIL: gcc.dg/vmx/splat-vsx-be-order.c  -O3 -fomit-frame-pointer  execution test
FAIL: gcc.dg/vmx/splat-vsx-be-order.c  -O3 -g  execution test
FAIL: gcc.dg/vmx/splat-vsx-be-order.c  -Os  execution test
FAIL: gcc.dg/vmx/splat-vsx-be-order.c  -O2 -flto -fno-use-linker-plugin -flto-partition=none  execution test
FAIL: gcc.dg/vmx/splat-vsx-be-order.c  -O2 -flto -fuse-linker-plugin -fno-fat-lto-objects  execution test
FAIL: gcc.dg/vmx/splat-vsx.c  -O0  execution test
FAIL: gcc.dg/vmx/splat-vsx.c  -O1  execution test
FAIL: gcc.dg/vmx/splat-vsx.c  -O2  execution test
FAIL: gcc.dg/vmx/splat-vsx.c  -O3 -fomit-frame-pointer  execution test
FAIL: gcc.dg/vmx/splat-vsx.c  -O3 -g  execution test
FAIL: gcc.dg/vmx/splat-vsx.c  -Os  execution test
FAIL: gcc.dg/vmx/splat-vsx.c  -O2 -flto -fno-use-linker-plugin -flto-partition=none  execution test
FAIL: gcc.dg/vmx/splat-vsx.c  -O2 -flto -fuse-linker-plugin -fno-fat-lto-objects  execution test
FAIL: gcc.dg/vmx/st-vsx-be-order.c  -O0  execution test
FAIL: gcc.dg/vmx/st-vsx-be-order.c  -O1  execution test
FAIL: gcc.dg/vmx/st-vsx-be-order.c  -O2  execution test
FAIL: gcc.dg/vmx/st-vsx-be-order.c  -O3 -fomit-frame-pointer  execution test
FAIL: gcc.dg/vmx/st-vsx-be-order.c  -O3 -fomit-frame-pointer -funroll-loops  execution test
FAIL: gcc.dg/vmx/st-vsx-be-order.c  -O3 -fomit-frame-pointer -funroll-all-loops -finline-functions  execution test
FAIL: gcc.dg/vmx/st-vsx-be-order.c  -O3 -g  execution test
FAIL: gcc.dg/vmx/st-vsx-be-order.c  -Os  execution test
FAIL: gcc.dg/vmx/st-vsx-be-order.c  -O2 -flto -fno-use-linker-plugin -flto-partition=none  execution test
FAIL: gcc.dg/vmx/st-vsx-be-order.c  -O2 -flto -fuse-linker-plugin -fno-fat-lto-objects  execution test
FAIL: gcc.dg/vmx/st-vsx.c  -O0  execution test
FAIL: gcc.dg/vmx/st-vsx.c  -O1  execution test
FAIL: gcc.dg/vmx/st-vsx.c  -O2  execution test
FAIL: gcc.dg/vmx/st-vsx.c  -O3 -fomit-frame-pointer  execution test
FAIL: gcc.dg/vmx/st-vsx.c  -O3 -fomit-frame-pointer -funroll-loops  execution test
FAIL: gcc.dg/vmx/st-vsx.c  -O3 -fomit-frame-pointer -funroll-all-loops -finline-functions  execution test
FAIL: gcc.dg/vmx/st-vsx.c  -O3 -g  execution test
FAIL: gcc.dg/vmx/st-vsx.c  -Os  execution test
FAIL: gcc.dg/vmx/st-vsx.c  -O2 -flto -fno-use-linker-plugin -flto-partition=none  execution test
FAIL: gcc.dg/vmx/st-vsx.c  -O2 -flto -fuse-linker-plugin -fno-fat-lto-objects  execution test
FAIL: gcc.dg/vmx/stl-vsx-be-order.c  -O0  execution test
FAIL: gcc.dg/vmx/stl-vsx-be-order.c  -O1  execution test
FAIL: gcc.dg/vmx/stl-vsx-be-order.c  -O2  execution test
FAIL: gcc.dg/vmx/stl-vsx-be-order.c  -O3 -fomit-frame-pointer  execution test
FAIL: gcc.dg/vmx/stl-vsx-be-order.c  -O3 -fomit-frame-pointer -funroll-loops  execution test
FAIL: gcc.dg/vmx/stl-vsx-be-order.c  -O3 -fomit-frame-pointer -funroll-all-loops -finline-functions  execution test
FAIL: gcc.dg/vmx/stl-vsx-be-order.c  -O3 -g  execution test
FAIL: gcc.dg/vmx/stl-vsx-be-order.c  -Os  execution test
FAIL: gcc.dg/vmx/stl-vsx-be-order.c  -O2 -flto -fno-use-linker-plugin -flto-partition=none  execution test
FAIL: gcc.dg/vmx/stl-vsx-be-order.c  -O2 -flto -fuse-linker-plugin -fno-fat-lto-objects  execution test
FAIL: gcc.dg/vmx/stl-vsx.c  -O0  execution test
FAIL: gcc.dg/vmx/stl-vsx.c  -O1  execution test
FAIL: gcc.dg/vmx/stl-vsx.c  -O2  execution test
FAIL: gcc.dg/vmx/stl-vsx.c  -O3 -fomit-frame-pointer  execution test
FAIL: gcc.dg/vmx/stl-vsx.c  -O3 -fomit-frame-pointer -funroll-loops  execution test
FAIL: gcc.dg/vmx/stl-vsx.c  -O3 -fomit-frame-pointer -funroll-all-loops -finline-functions  execution test
FAIL: gcc.dg/vmx/stl-vsx.c  -O3 -g  execution test
FAIL: gcc.dg/vmx/stl-vsx.c  -Os  execution test
FAIL: gcc.dg/vmx/stl-vsx.c  -O2 -flto -fno-use-linker-plugin -flto-partition=none  execution test
FAIL: gcc.dg/vmx/stl-vsx.c  -O2 -flto -fuse-linker-plugin -fno-fat-lto-objects  execution test
Running /sources/gcc-4.8.3/gcc/testsuite/gcc.dg/vxworks/vxworks.exp ...
Running /sources/gcc-4.8.3/gcc/testsuite/gcc.dg/weak/weak.exp ...
Running /sources/gcc-4.8.3/gcc/testsuite/gcc.misc-tests/acker1.exp ...
Running /sources/gcc-4.8.3/gcc/testsuite/gcc.misc-tests/arm-isr.exp ...
Running /sources/gcc-4.8.3/gcc/testsuite/gcc.misc-tests/bprob.exp ...
Running /sources/gcc-4.8.3/gcc/testsuite/gcc.misc-tests/dectest.exp ...
Running /sources/gcc-4.8.3/gcc/testsuite/gcc.misc-tests/dhry.exp ...
Running /sources/gcc-4.8.3/gcc/testsuite/gcc.misc-tests/gcov.exp ...
Running /sources/gcc-4.8.3/gcc/testsuite/gcc.misc-tests/help.exp ...
Running /sources/gcc-4.8.3/gcc/testsuite/gcc.misc-tests/i386-prefetch.exp ...
Running /sources/gcc-4.8.3/gcc/testsuite/gcc.misc-tests/linkage.exp ...
Running /sources/gcc-4.8.3/gcc/testsuite/gcc.misc-tests/matrix1.exp ...
Running /sources/gcc-4.8.3/gcc/testsuite/gcc.misc-tests/mg-2.exp ...
Running /sources/gcc-4.8.3/gcc/testsuite/gcc.misc-tests/mg.exp ...
Running /sources/gcc-4.8.3/gcc/testsuite/gcc.misc-tests/options.exp ...
Running /sources/gcc-4.8.3/gcc/testsuite/gcc.misc-tests/sieve.exp ...
Running /sources/gcc-4.8.3/gcc/testsuite/gcc.misc-tests/sort2.exp ...
Running /sources/gcc-4.8.3/gcc/testsuite/gcc.target/aarch64/aapcs64/aapcs64.exp ...
Running /sources/gcc-4.8.3/gcc/testsuite/gcc.target/aarch64/aarch64.exp ...
Running /sources/gcc-4.8.3/gcc/testsuite/gcc.target/alpha/alpha.exp ...
Running /sources/gcc-4.8.3/gcc/testsuite/gcc.target/arm/aapcs/aapcs.exp ...
Running /sources/gcc-4.8.3/gcc/testsuite/gcc.target/arm/arm.exp ...
Running /sources/gcc-4.8.3/gcc/testsuite/gcc.target/arm/neon/neon.exp ...
Running /sources/gcc-4.8.3/gcc/testsuite/gcc.target/avr/avr.exp ...
Running /sources/gcc-4.8.3/gcc/testsuite/gcc.target/avr/torture/avr-torture.exp ...
Running /sources/gcc-4.8.3/gcc/testsuite/gcc.target/bfin/bfin.exp ...
Running /sources/gcc-4.8.3/gcc/testsuite/gcc.target/bfin/builtins/bfin-builtins.exp ...
Running /sources/gcc-4.8.3/gcc/testsuite/gcc.target/cris/cris.exp ...
Running /sources/gcc-4.8.3/gcc/testsuite/gcc.target/cris/torture/cris-torture.exp ...
Running /sources/gcc-4.8.3/gcc/testsuite/gcc.target/epiphany/epiphany.exp ...
Running /sources/gcc-4.8.3/gcc/testsuite/gcc.target/frv/frv.exp ...
Running /sources/gcc-4.8.3/gcc/testsuite/gcc.target/i386/i386.exp ...
Running /sources/gcc-4.8.3/gcc/testsuite/gcc.target/i386/math-torture/math-torture.exp ...
Running /sources/gcc-4.8.3/gcc/testsuite/gcc.target/i386/stackalign/stackalign.exp ...
Running /sources/gcc-4.8.3/gcc/testsuite/gcc.target/ia64/ia64.exp ...
Running /sources/gcc-4.8.3/gcc/testsuite/gcc.target/m68k/m68k.exp ...
Running /sources/gcc-4.8.3/gcc/testsuite/gcc.target/microblaze/microblaze.exp ...
Running /sources/gcc-4.8.3/gcc/testsuite/gcc.target/mips/inter/mips16-inter.exp ...
Running /sources/gcc-4.8.3/gcc/testsuite/gcc.target/mips/mips-nonpic/mips-nonpic.exp ...
Running /sources/gcc-4.8.3/gcc/testsuite/gcc.target/mips/mips.exp ...
Running /sources/gcc-4.8.3/gcc/testsuite/gcc.target/powerpc/powerpc.exp ...
FAIL: gcc.target/powerpc/405-dlmzb-strlen-1.c scan-assembler dlmzb\\. 
FAIL: gcc.target/powerpc/440-dlmzb-strlen-1.c scan-assembler dlmzb\\. 
FAIL: gcc.target/powerpc/ppc-vector-memcpy.c scan-assembler lvx
FAIL: gcc.target/powerpc/pr46728-10.c execution test
FAIL: gcc.target/powerpc/pr46728-11.c execution test
FAIL: gcc.target/powerpc/pr46728-13.c execution test
FAIL: gcc.target/powerpc/pr46728-14.c execution test
Running /sources/gcc-4.8.3/gcc/testsuite/gcc.target/rx/rx.exp ...
Running /sources/gcc-4.8.3/gcc/testsuite/gcc.target/s390/s390.exp ...
Running /sources/gcc-4.8.3/gcc/testsuite/gcc.target/sh/sh.exp ...
Running /sources/gcc-4.8.3/gcc/testsuite/gcc.target/sh/torture/sh-torture.exp ...
Running /sources/gcc-4.8.3/gcc/testsuite/gcc.target/sparc/sparc.exp ...
Running /sources/gcc-4.8.3/gcc/testsuite/gcc.target/spu/ea/ea.exp ...
Running /sources/gcc-4.8.3/gcc/testsuite/gcc.target/spu/spu.exp ...
Running /sources/gcc-4.8.3/gcc/testsuite/gcc.target/tic6x/builtins/c6x-builtins.exp ...
Running /sources/gcc-4.8.3/gcc/testsuite/gcc.target/tic6x/tic6x.exp ...
Running /sources/gcc-4.8.3/gcc/testsuite/gcc.target/x86_64/abi/abi-x86_64.exp ...
Running /sources/gcc-4.8.3/gcc/testsuite/gcc.target/x86_64/abi/avx/abi-avx.exp ...
Running /sources/gcc-4.8.3/gcc/testsuite/gcc.target/x86_64/abi/callabi/callabi.exp ...
Running /sources/gcc-4.8.3/gcc/testsuite/gcc.target/xstormy16/xstormy16.exp ...
Running /sources/gcc-4.8.3/gcc/testsuite/gcc.test-framework/test-framework.exp ...
skipping test framework tests, CHECK_TEST_FRAMEWORK is not defined

		=== gcc Summary ===

# of expected passes		90407
# of unexpected failures	150
# of expected failures		230
# of unsupported tests		1431
/sources/gcc-build/gcc/xgcc  version 4.8.3 (GCC) 

Makefile:5150: recipe for target 'check-parallel-gcc' failed
make[5]: [check-parallel-gcc] Error 1 (ignored)
make[5]: Leaving directory '/sources/gcc-build/gcc'
make[5]: Entering directory '/sources/gcc-build/gcc'
test -d plugin || mkdir plugin
test -d testsuite || mkdir testsuite
test -d testsuite/g++ || mkdir testsuite/g++
(rootme=`${PWDCMD-pwd}`; export rootme; \
srcdir=`cd ../../gcc-4.8.3/gcc; ${PWDCMD-pwd}` ; export srcdir ; \
cd testsuite/g++; \
rm -f tmp-site.exp; \
sed '/set tmpdir/ s|testsuite$|testsuite/g++|' \
	< ../../site.exp > tmp-site.exp; \
/bin/sh ${srcdir}/../move-if-change tmp-site.exp site.exp; \
EXPECT=`if [ -f ${rootme}/../expect/expect ] ; then echo ${rootme}/../expect/expect ; else echo expect ; fi` ; export EXPECT ; \
if [ -f ${rootme}/../expect/expect ] ; then  \
   TCL_LIBRARY=`cd .. ; cd ${srcdir}/../tcl/library ; ${PWDCMD-pwd}` ; \
    export TCL_LIBRARY ; fi ; \
runtestflags= ; \
if [ -n "" ] ; then \
  runtestflags=""; \
elif [ -n "" ] ; then \
  parts="`echo '  ' \
	  | sed 's/=[^ ]* / /g'`"; \
  for part in `find $srcdir/testsuite/g++* -name \*.exp` ; do \
    part=`basename $part` ; \
    case " $parts $runtestflags " in \
      *" $part "*) ;; \
      *) runtestflags="$runtestflags $part" ;; \
    esac ; \
  done ; \
fi ; \
`if [ -f ${srcdir}/../dejagnu/runtest ] ; then echo ${srcdir}/../dejagnu/runtest ; else echo runtest; fi` --tool g++  $runtestflags)
WARNING: Couldn't find the global config file.
Test Run By root on Mon Jun 30 10:57:37 2014
Native configuration is powerpc-unknown-linux-gnu

		=== g++ tests ===

Schedule of variations:
    unix

Running target unix
Using /tools/share/dejagnu/baseboards/unix.exp as board description file for target.
Using /tools/share/dejagnu/config/unix.exp as generic interface file for target.
Using /sources/gcc-4.8.3/gcc/testsuite/config/default.exp as tool-and-target-specific interface file.
Running /sources/gcc-4.8.3/gcc/testsuite/g++.dg/asan/asan.exp ...
Running /sources/gcc-4.8.3/gcc/testsuite/g++.dg/bprob/bprob.exp ...
Running /sources/gcc-4.8.3/gcc/testsuite/g++.dg/charset/charset.exp ...
Running /sources/gcc-4.8.3/gcc/testsuite/g++.dg/compat/compat.exp ...
Running /sources/gcc-4.8.3/gcc/testsuite/g++.dg/compat/struct-layout-1.exp ...
Running /sources/gcc-4.8.3/gcc/testsuite/g++.dg/debug/debug.exp ...
Running /sources/gcc-4.8.3/gcc/testsuite/g++.dg/debug/dwarf2/dwarf2.exp ...
Running /sources/gcc-4.8.3/gcc/testsuite/g++.dg/dfp/dfp.exp ...
Running /sources/gcc-4.8.3/gcc/testsuite/g++.dg/dg.exp ...
Running /sources/gcc-4.8.3/gcc/testsuite/g++.dg/gcov/gcov.exp ...
Running /sources/gcc-4.8.3/gcc/testsuite/g++.dg/gomp/gomp.exp ...
Running /sources/gcc-4.8.3/gcc/testsuite/g++.dg/graphite/graphite.exp ...
Running /sources/gcc-4.8.3/gcc/testsuite/g++.dg/guality/guality.exp ...
Running /sources/gcc-4.8.3/gcc/testsuite/g++.dg/lto/lto.exp ...
Running /sources/gcc-4.8.3/gcc/testsuite/g++.dg/pch/pch.exp ...
Running /sources/gcc-4.8.3/gcc/testsuite/g++.dg/plugin/plugin.exp ...
Running /sources/gcc-4.8.3/gcc/testsuite/g++.dg/simulate-thread/simulate-thread.exp ...
Running /sources/gcc-4.8.3/gcc/testsuite/g++.dg/special/ecos.exp ...
Running /sources/gcc-4.8.3/gcc/testsuite/g++.dg/tls/tls.exp ...
Running /sources/gcc-4.8.3/gcc/testsuite/g++.dg/tm/tm.exp ...
Running /sources/gcc-4.8.3/gcc/testsuite/g++.dg/torture/dg-torture.exp ...
Running /sources/gcc-4.8.3/gcc/testsuite/g++.dg/torture/stackalign/stackalign.exp ...
Running /sources/gcc-4.8.3/gcc/testsuite/g++.dg/tree-prof/tree-prof.exp ...
Running /sources/gcc-4.8.3/gcc/testsuite/g++.dg/vect/vect.exp ...
Running /sources/gcc-4.8.3/gcc/testsuite/g++.old-deja/old-deja.exp ...

		=== g++ Summary ===

# of expected passes		51913
# of expected failures		292
# of unsupported tests		1003
/sources/gcc-build/gcc/testsuite/g++/../../xg++  version 4.8.3 (GCC) 

make[5]: Leaving directory '/sources/gcc-build/gcc'
make[4]: Leaving directory '/sources/gcc-build/gcc'
make[4]: Entering directory '/sources/gcc-build/intl'
make[4]: Nothing to be done for 'check'.
make[4]: Leaving directory '/sources/gcc-build/intl'
make[4]: Entering directory '/sources/gcc-build/libbacktrace'
true  DO=all multi-do # make
make  btest
make[5]: Entering directory '/sources/gcc-build/libbacktrace'
gcc -isystem /usr/include -DHAVE_CONFIG_H -I. -I../../gcc-4.8.3/libbacktrace  -I ../../gcc-4.8.3/libbacktrace/../include -I ../../gcc-4.8.3/libbacktrace/../libgcc -I ../libgcc  -funwind-tables -frandom-seed=btest-btest.o -W -Wall -Wwrite-strings -Wstrict-prototypes -Wmissing-prototypes -Wold-style-definition -Wmissing-format-attribute -Wcast-qual  -g -O -g -O2 -c -o btest-btest.o `test -f 'btest.c' || echo '../../gcc-4.8.3/libbacktrace/'`btest.c
/bin/sh ./libtool --tag=CC   --mode=link gcc -isystem /usr/include -funwind-tables -frandom-seed=btest -W -Wall -Wwrite-strings -Wstrict-prototypes -Wmissing-prototypes -Wold-style-definition -Wmissing-format-attribute -Wcast-qual  -g -O -g -O2  -Wl,-rpath-link,/usr/lib:/lib -o btest btest-btest.o libbacktrace.la 
libtool: link: gcc -isystem /usr/include -funwind-tables -frandom-seed=btest -W -Wall -Wwrite-strings -Wstrict-prototypes -Wmissing-prototypes -Wold-style-definition -Wmissing-format-attribute -Wcast-qual -g -O -g -O2 -Wl,-rpath-link -Wl,/usr/lib:/lib -o btest btest-btest.o  ./.libs/libbacktrace.a
make[5]: Leaving directory '/sources/gcc-build/libbacktrace'
make  check-TESTS
make[5]: Entering directory '/sources/gcc-build/libbacktrace'
PASS: backtrace_full noinline
PASS: backtrace_full inline
PASS: backtrace_simple noinline
PASS: backtrace_simple inline
PASS: btest
=============
1 test passed
=============
make[5]: Leaving directory '/sources/gcc-build/libbacktrace'
make[4]: Leaving directory '/sources/gcc-build/libbacktrace'
make[4]: Entering directory '/sources/gcc-build/libcpp'
make[4]: Nothing to be done for 'check'.
make[4]: Leaving directory '/sources/gcc-build/libcpp'
make[4]: Entering directory '/sources/gcc-build/libdecnumber'
make[4]: Nothing to be done for 'check'.
make[4]: Leaving directory '/sources/gcc-build/libdecnumber'
make[4]: Entering directory '/sources/gcc-build/libiberty'
make[5]: Entering directory '/sources/gcc-build/libiberty/testsuite'
gcc -isystem /usr/include -DHAVE_CONFIG_H -g -O2 -I.. -I../../../gcc-4.8.3/libiberty/testsuite/../../include  -o test-demangle \
	../../../gcc-4.8.3/libiberty/testsuite/test-demangle.c ../libiberty.a
./test-demangle < ../../../gcc-4.8.3/libiberty/testsuite/demangle-expected
./test-demangle: 882 tests, 0 failures
gcc -isystem /usr/include -DHAVE_CONFIG_H -g -O2 -I.. -I../../../gcc-4.8.3/libiberty/testsuite/../../include  -DHAVE_CONFIG_H -I.. -o test-pexecute \
	../../../gcc-4.8.3/libiberty/testsuite/test-pexecute.c ../libiberty.a
./test-pexecute
gcc -isystem /usr/include -DHAVE_CONFIG_H -g -O2 -I.. -I../../../gcc-4.8.3/libiberty/testsuite/../../include  -DHAVE_CONFIG_H -I.. -o test-expandargv \
	../../../gcc-4.8.3/libiberty/testsuite/test-expandargv.c ../libiberty.a
./test-expandargv
PASS: test-expandargv-0.
PASS: test-expandargv-1.
PASS: test-expandargv-2.
PASS: test-expandargv-3.
PASS: test-expandargv-4.
PASS: test-expandargv-5.
PASS: test-expandargv-6.
make[5]: Leaving directory '/sources/gcc-build/libiberty/testsuite'
make[4]: Leaving directory '/sources/gcc-build/libiberty'
make[4]: Entering directory '/sources/gcc-build/lto-plugin'
make[4]: Leaving directory '/sources/gcc-build/lto-plugin'
make[3]: Target 'check-host' not remade because of errors.
make[4]: Entering directory '/sources/gcc-build/powerpc-unknown-linux-gnu/libstdc++-v3'
Making check in include
make[5]: Entering directory '/sources/gcc-build/powerpc-unknown-linux-gnu/libstdc++-v3/include'
make[5]: Nothing to be done for 'check'.
make[5]: Leaving directory '/sources/gcc-build/powerpc-unknown-linux-gnu/libstdc++-v3/include'
Making check in libsupc++
make[5]: Entering directory '/sources/gcc-build/powerpc-unknown-linux-gnu/libstdc++-v3/libsupc++'
make[5]: Nothing to be done for 'check'.
make[5]: Leaving directory '/sources/gcc-build/powerpc-unknown-linux-gnu/libstdc++-v3/libsupc++'
Making check in src
make[5]: Entering directory '/sources/gcc-build/powerpc-unknown-linux-gnu/libstdc++-v3/src'
Making check in c++98
make[6]: Entering directory '/sources/gcc-build/powerpc-unknown-linux-gnu/libstdc++-v3/src/c++98'
make[6]: Nothing to be done for 'check'.
make[6]: Leaving directory '/sources/gcc-build/powerpc-unknown-linux-gnu/libstdc++-v3/src/c++98'
Making check in c++11
make[6]: Entering directory '/sources/gcc-build/powerpc-unknown-linux-gnu/libstdc++-v3/src/c++11'
make[6]: Nothing to be done for 'check'.
make[6]: Leaving directory '/sources/gcc-build/powerpc-unknown-linux-gnu/libstdc++-v3/src/c++11'
make[6]: Entering directory '/sources/gcc-build/powerpc-unknown-linux-gnu/libstdc++-v3/src'
make[6]: Nothing to be done for 'check-am'.
make[6]: Leaving directory '/sources/gcc-build/powerpc-unknown-linux-gnu/libstdc++-v3/src'
make[5]: Leaving directory '/sources/gcc-build/powerpc-unknown-linux-gnu/libstdc++-v3/src'
Making check in doc
make[5]: Entering directory '/sources/gcc-build/powerpc-unknown-linux-gnu/libstdc++-v3/doc'
make[5]: Nothing to be done for 'check'.
make[5]: Leaving directory '/sources/gcc-build/powerpc-unknown-linux-gnu/libstdc++-v3/doc'
Making check in po
make[5]: Entering directory '/sources/gcc-build/powerpc-unknown-linux-gnu/libstdc++-v3/po'
/bin/sh /sources/gcc-4.8.3/libstdc++-v3/../mkinstalldirs /sources/gcc-build/powerpc-unknown-linux-gnu/libstdc++-v3/po/share/locale
mkdir -p -- /sources/gcc-build/powerpc-unknown-linux-gnu/libstdc++-v3/po/share/locale
catalogs='de.mo fr.mo'; \
for cat in $catalogs; do \
  cat=`basename $cat`; \
  lang=`echo $cat | sed 's/\.mo$//'`; \
  install_dir=/sources/gcc-build/powerpc-unknown-linux-gnu/libstdc++-v3/po/share/locale/$lang/LC_MESSAGES; \
  /bin/sh /sources/gcc-4.8.3/libstdc++-v3/../mkinstalldirs $install_dir; \
  /tools/bin/install -c -m 644 $cat $install_dir/libstdc++.mo; \
done
mkdir -p -- /sources/gcc-build/powerpc-unknown-linux-gnu/libstdc++-v3/po/share/locale/de/LC_MESSAGES
mkdir -p -- /sources/gcc-build/powerpc-unknown-linux-gnu/libstdc++-v3/po/share/locale/fr/LC_MESSAGES
make[5]: Leaving directory '/sources/gcc-build/powerpc-unknown-linux-gnu/libstdc++-v3/po'
Making check in testsuite
make[5]: Entering directory '/sources/gcc-build/powerpc-unknown-linux-gnu/libstdc++-v3/testsuite'
make  check-DEJAGNU
make[6]: Entering directory '/sources/gcc-build/powerpc-unknown-linux-gnu/libstdc++-v3/testsuite'
Making a new site.exp file...
AR="ar"; export AR; \
RANLIB="ranlib"; export RANLIB; \
if [ -z "" ] \
    && [ "" = "-j" ]; then \
  make  check-DEJAGNUnormal0 check-DEJAGNUnormal1 check-DEJAGNUnormal2 check-DEJAGNUnormal3 check-DEJAGNUnormal4 check-DEJAGNUnormal5 check-DEJAGNUnormal6 check-DEJAGNUnormal7 check-DEJAGNUnormal8 check-DEJAGNUnormal9; \
  for idx in 0 1 2 3 4 5 6 7 8 9; do \
    mv -f normal$idx/libstdc++.sum normal$idx/libstdc++.sum.sep; \
    mv -f normal$idx/libstdc++.log normal$idx/libstdc++.log.sep; \
  done; \
  mv -f libstdc++.sum libstdc++.sum.sep; \
  mv -f libstdc++.log libstdc++.log.sep; \
  /bin/sh ../../../../gcc-4.8.3/libstdc++-v3/testsuite/../../contrib/dg-extract-results.sh \
    libstdc++.sum.sep normal[0-9]/libstdc++.sum.sep > libstdc++.sum; \
  /bin/sh ../../../../gcc-4.8.3/libstdc++-v3/testsuite/../../contrib/dg-extract-results.sh -L \
    libstdc++.log.sep normal[0-9]/libstdc++.log.sep > libstdc++.log; \
  exit 0; \
fi; \
srcdir=`CDPATH="${ZSH_VERSION+.}:" && cd ../../../../gcc-4.8.3/libstdc++-v3/testsuite && pwd`; export srcdir; \
EXPECT=expect; export EXPECT; \
runtest=runtest; \
if [ -z "$runtest" ]; then runtest=runtest; fi; \
tool=libstdc++; \
dirs=; \
case "" in \
  normal0) \
    if /bin/sh -c "$runtest --version" > /dev/null 2>&1; then \
      $runtest  --tool $tool --srcdir $srcdir \
		 abi.exp prettyprinters.exp; \
    else echo "WARNING: could not find \`runtest'" 1>&2; :;\
    fi; \
    dirs="`cd $srcdir; echo [013-9][0-9]_*/*`";; \
  normal1) \
    dirs="`cd $srcdir; echo [ab]* de* [ep]*/*`";; \
  normal2) \
    dirs="`cd $srcdir; echo 2[01]_*/*`";; \
  normal3) \
    dirs="`cd $srcdir; echo 22_*/*`";; \
  normal4) \
    dirs="`cd $srcdir; echo 23_*/[a-km-tw-z]*`";; \
  normal5) \
    dirs="`cd $srcdir; echo 23_*/[luv]*`";; \
  normal6) \
    dirs="`cd $srcdir; echo 2[459]_*/*`";; \
  normal7) \
    dirs="`cd $srcdir; echo 2[68]_*/*`";; \
  normal8) \
    dirs="`cd $srcdir; echo 27_*/*`";; \
  normal9) \
    dirs="`cd $srcdir; echo t*/*`";; \
esac; \
if [ -n "" ]; then cd ""; fi; \
if /bin/sh -c "$runtest --version" > /dev/null 2>&1; then \
  if [ -n "$dirs" ]; then \
    $runtest  --tool $tool --srcdir $srcdir \
	     \
	    "conformance.exp=`echo $dirs | sed 's/ /* /g;s/$/*/'`"; \
  else \
    $runtest  --tool $tool --srcdir $srcdir \
	    ; \
  fi; \
else echo "WARNING: could not find \`runtest'" 1>&2; :;\
fi
WARNING: Couldn't find the global config file.
Test Run By root on Mon Jun 30 12:41:55 2014
Native configuration is powerpc-unknown-linux-gnu

		=== libstdc++ tests ===

Schedule of variations:
    unix

Running target unix
Using /tools/share/dejagnu/baseboards/unix.exp as board description file for target.
Using /tools/share/dejagnu/config/unix.exp as generic interface file for target.
Using /sources/gcc-4.8.3/libstdc++-v3/testsuite/config/default.exp as tool-and-target-specific interface file.
Running /sources/gcc-4.8.3/libstdc++-v3/testsuite/libstdc++-abi/abi.exp ...
Running /sources/gcc-4.8.3/libstdc++-v3/testsuite/libstdc++-dg/conformance.exp ...
Running /sources/gcc-4.8.3/libstdc++-v3/testsuite/libstdc++-prettyprinters/prettyprinters.exp ...

		=== libstdc++ Summary ===

# of expected passes		9235
# of expected failures		45
# of unsupported tests		230
make[6]: Leaving directory '/sources/gcc-build/powerpc-unknown-linux-gnu/libstdc++-v3/testsuite'
make[5]: Leaving directory '/sources/gcc-build/powerpc-unknown-linux-gnu/libstdc++-v3/testsuite'
Making check in python
make[5]: Entering directory '/sources/gcc-build/powerpc-unknown-linux-gnu/libstdc++-v3/python'
make[5]: Nothing to be done for 'check'.
make[5]: Leaving directory '/sources/gcc-build/powerpc-unknown-linux-gnu/libstdc++-v3/python'
make[5]: Entering directory '/sources/gcc-build/powerpc-unknown-linux-gnu/libstdc++-v3'
true "AR_FLAGS=rc" "CC_FOR_BUILD=gcc -isystem /usr/include" "CC_FOR_TARGET=/sources/gcc-build/./gcc/xgcc -B/sources/gcc-build/./gcc/" "CFLAGS=-g -O2" "CXXFLAGS=-g -O2 -D_GNU_SOURCE" "CFLAGS_FOR_BUILD=-g -O2" "CFLAGS_FOR_TARGET=-g -O2" "INSTALL=/tools/bin/install -c" "INSTALL_DATA=/tools/bin/install -c -m 644" "INSTALL_PROGRAM=/tools/bin/install -c" "INSTALL_SCRIPT=/tools/bin/install -c" "LDFLAGS=" "LIBCFLAGS=-g -O2" "LIBCFLAGS_FOR_TARGET=-g -O2" "MAKE=make" "MAKEINFO=makeinfo --split-size=5000000 --split-size=5000000  " "SHELL=/bin/sh" "RUNTESTFLAGS=" "exec_prefix=/usr" "infodir=/usr/share/info" "libdir=/usr/lib" "includedir=/usr/include" "prefix=/usr" "tooldir=/usr/powerpc-unknown-linux-gnu" "gxx_include_dir=/usr/include/c++/4.8.3" "AR=ar" "AS=/sources/gcc-build/./gcc/as" "LD=/sources/gcc-build/./gcc/collect-ld" "RANLIB=ranlib" "NM=/sources/gcc-build/./gcc/nm" "NM_FOR_BUILD=" "NM_FOR_TARGET=nm" "DESTDIR=" "WERROR=" DO=all multi-do # make
make[5]: Leaving directory '/sources/gcc-build/powerpc-unknown-linux-gnu/libstdc++-v3'
make[4]: Leaving directory '/sources/gcc-build/powerpc-unknown-linux-gnu/libstdc++-v3'
make[4]: Entering directory '/sources/gcc-build/powerpc-unknown-linux-gnu/libmudflap'
Making check in testsuite
make[5]: Entering directory '/sources/gcc-build/powerpc-unknown-linux-gnu/libmudflap/testsuite'
make  check-DEJAGNU
make[6]: Entering directory '/sources/gcc-build/powerpc-unknown-linux-gnu/libmudflap/testsuite'
Making a new site.exp file...
srcdir=`CDPATH="${ZSH_VERSION+.}:" && cd ../../../../gcc-4.8.3/libmudflap/testsuite && pwd`; export srcdir; \
EXPECT=`if [ -f ../../expect/expect ] ; then echo ../../expect/expect ; else echo expect ; fi`; export EXPECT; \
runtest=`if [ -f ../../../../gcc-4.8.3/libmudflap/testsuite/../../dejagnu/runtest ] ; then echo ../../../../gcc-4.8.3/libmudflap/testsuite/../../dejagnu/runtest ; else echo runtest ;  fi`; \
if /bin/sh -c "$runtest --version" > /dev/null 2>&1; then \
  exit_status=0; l='libmudflap'; for tool in $l; do \
    if $runtest  --tool $tool --srcdir $srcdir ; \
    then :; else exit_status=1; fi; \
  done; \
else echo "WARNING: could not find \`runtest'" 1>&2; :;\
fi; \
exit $exit_status
WARNING: Couldn't find the global config file.
Test Run By root on Mon Jun 30 15:53:16 2014
Native configuration is powerpc-unknown-linux-gnu

		=== libmudflap tests ===

Schedule of variations:
    unix

Running target unix
Using /tools/share/dejagnu/baseboards/unix.exp as board description file for target.
Using /tools/share/dejagnu/config/unix.exp as generic interface file for target.
Using /sources/gcc-4.8.3/libmudflap/testsuite/config/default.exp as tool-and-target-specific interface file.
Running /sources/gcc-4.8.3/libmudflap/testsuite/libmudflap.c/cfrags.exp ...
Running /sources/gcc-4.8.3/libmudflap/testsuite/libmudflap.c/externs.exp ...
Running /sources/gcc-4.8.3/libmudflap/testsuite/libmudflap.c++/c++frags.exp ...
FAIL: libmudflap.c++/pass41-frag.cxx (-static) execution test
FAIL: libmudflap.c++/pass41-frag.cxx ( -O) execution test
FAIL: libmudflap.c++/pass41-frag.cxx (-O2) execution test
FAIL: libmudflap.c++/pass41-frag.cxx (-O3) execution test
Running /sources/gcc-4.8.3/libmudflap/testsuite/libmudflap.c++/ctors.exp ...
Running /sources/gcc-4.8.3/libmudflap/testsuite/libmudflap.cth/cthfrags.exp ...

		=== libmudflap Summary ===

# of expected passes		1902
# of unexpected failures	4
Makefile:243: recipe for target 'check-DEJAGNU' failed
make[6]: *** [check-DEJAGNU] Error 1
make[6]: Leaving directory '/sources/gcc-build/powerpc-unknown-linux-gnu/libmudflap/testsuite'
Makefile:280: recipe for target 'check-am' failed
make[5]: *** [check-am] Error 2
make[5]: Target 'check' not remade because of errors.
make[5]: Leaving directory '/sources/gcc-build/powerpc-unknown-linux-gnu/libmudflap/testsuite'
make[5]: Entering directory '/sources/gcc-build/powerpc-unknown-linux-gnu/libmudflap'
true "AR_FLAGS=rc" "CC_FOR_BUILD=gcc -isystem /usr/include" "CFLAGS=-g -O2" "CXXFLAGS=-g -O2 -D_GNU_SOURCE" "CFLAGS_FOR_BUILD=-g -O2" "CFLAGS_FOR_TARGET=-g -O2" "INSTALL=/tools/bin/install -c" "INSTALL_DATA=/tools/bin/install -c -m 644" "INSTALL_PROGRAM=/tools/bin/install -c" "INSTALL_SCRIPT=/tools/bin/install -c" "JC1FLAGS=" "LDFLAGS=" "LIBCFLAGS=-g -O2" "LIBCFLAGS_FOR_TARGET=-g -O2" "MAKE=make" "MAKEINFO=makeinfo --split-size=5000000 --split-size=5000000  " "PICFLAG=" "PICFLAG_FOR_TARGET=" "SHELL=/bin/sh" "RUNTESTFLAGS=" "exec_prefix=/usr" "infodir=/usr/share/info" "libdir=/usr/lib" "prefix=/usr" "includedir=/usr/include" "AR=ar" "AS=/sources/gcc-build/./gcc/as" "CC=/sources/gcc-build/./gcc/xgcc -B/sources/gcc-build/./gcc/ -B/usr/powerpc-unknown-linux-gnu/bin/ -B/usr/powerpc-unknown-linux-gnu/lib/ -isystem /usr/powerpc-unknown-linux-gnu/include -isystem /usr/powerpc-unknown-linux-gnu/sys-include   " "CXX=/sources/gcc-build/./gcc/xg++ -B/sources/gcc-build/./gcc/ -nostdinc++ -nostdinc++ -I/sources/gcc-build/powerpc-unknown-linux-gnu/libstdc++-v3/include/powerpc-unknown-linux-gnu -I/sources/gcc-build/powerpc-unknown-linux-gnu/libstdc++-v3/include -I/sources/gcc-4.8.3/libstdc++-v3/libsupc++ -I/sources/gcc-4.8.3/libstdc++-v3/include/backward -I/sources/gcc-4.8.3/libstdc++-v3/testsuite/util -L/sources/gcc-build/powerpc-unknown-linux-gnu/libstdc++-v3/src -L/sources/gcc-build/powerpc-unknown-linux-gnu/libstdc++-v3/src/.libs -B/usr/powerpc-unknown-linux-gnu/bin/ -B/usr/powerpc-unknown-linux-gnu/lib/ -isystem /usr/powerpc-unknown-linux-gnu/include -isystem /usr/powerpc-unknown-linux-gnu/sys-include   " "LD=/sources/gcc-build/./gcc/collect-ld" "LIBCFLAGS=-g -O2" "NM=/sources/gcc-build/./gcc/nm" "PICFLAG=" "RANLIB=ranlib" "DESTDIR=" DO=all multi-do # make
make[5]: Leaving directory '/sources/gcc-build/powerpc-unknown-linux-gnu/libmudflap'
Makefile:559: recipe for target 'check-recursive' failed
make[4]: *** [check-recursive] Error 1
make[4]: Target 'check' not remade because of errors.
make[4]: Leaving directory '/sources/gcc-build/powerpc-unknown-linux-gnu/libmudflap'
Makefile:12834: recipe for target 'check-target-libmudflap' failed
make[3]: *** [check-target-libmudflap] Error 2
make[4]: Entering directory '/sources/gcc-build/powerpc-unknown-linux-gnu/libsanitizer'
Making check in interception
make[5]: Entering directory '/sources/gcc-build/powerpc-unknown-linux-gnu/libsanitizer/interception'
make[5]: Nothing to be done for 'check'.
make[5]: Leaving directory '/sources/gcc-build/powerpc-unknown-linux-gnu/libsanitizer/interception'
Making check in sanitizer_common
make[5]: Entering directory '/sources/gcc-build/powerpc-unknown-linux-gnu/libsanitizer/sanitizer_common'
make[5]: Nothing to be done for 'check'.
make[5]: Leaving directory '/sources/gcc-build/powerpc-unknown-linux-gnu/libsanitizer/sanitizer_common'
Making check in asan
make[5]: Entering directory '/sources/gcc-build/powerpc-unknown-linux-gnu/libsanitizer/asan'
make[5]: Nothing to be done for 'check'.
make[5]: Leaving directory '/sources/gcc-build/powerpc-unknown-linux-gnu/libsanitizer/asan'
make[5]: Entering directory '/sources/gcc-build/powerpc-unknown-linux-gnu/libsanitizer'
true "AR_FLAGS=rc" "CC_FOR_BUILD=gcc -isystem /usr/include" "CFLAGS=-g -O2" "CXXFLAGS=-g -O2 -D_GNU_SOURCE" "CFLAGS_FOR_BUILD=-g -O2" "CFLAGS_FOR_TARGET=-g -O2" "INSTALL=/tools/bin/install -c" "INSTALL_DATA=/tools/bin/install -c -m 644" "INSTALL_PROGRAM=/tools/bin/install -c" "INSTALL_SCRIPT=/tools/bin/install -c" "JC1FLAGS=" "LDFLAGS=" "LIBCFLAGS=-g -O2" "LIBCFLAGS_FOR_TARGET=-g -O2" "MAKE=make" "MAKEINFO=makeinfo --split-size=5000000 --split-size=5000000  " "PICFLAG=" "PICFLAG_FOR_TARGET=" "SHELL=/bin/sh" "RUNTESTFLAGS=" "exec_prefix=/usr" "infodir=/usr/share/info" "libdir=/usr/lib" "prefix=/usr" "includedir=/usr/include" "AR=ar" "AS=/sources/gcc-build/./gcc/as" "LD=/sources/gcc-build/./gcc/collect-ld" "LIBCFLAGS=-g -O2" "NM=/sources/gcc-build/./gcc/nm" "PICFLAG=" "RANLIB=ranlib" "DESTDIR=" DO=all multi-do # make
make[5]: Leaving directory '/sources/gcc-build/powerpc-unknown-linux-gnu/libsanitizer'
make[4]: Leaving directory '/sources/gcc-build/powerpc-unknown-linux-gnu/libsanitizer'
make[4]: Entering directory '/sources/gcc-build/powerpc-unknown-linux-gnu/libssp'
true "AR_FLAGS=rc" "CC_FOR_BUILD=gcc -isystem /usr/include" "CFLAGS=-g -O2" "CXXFLAGS=-g -O2 -D_GNU_SOURCE" "CFLAGS_FOR_BUILD=-g -O2" "CFLAGS_FOR_TARGET=-g -O2" "INSTALL=/tools/bin/install -c" "INSTALL_DATA=/tools/bin/install -c -m 644" "INSTALL_PROGRAM=/tools/bin/install -c" "INSTALL_SCRIPT=/tools/bin/install -c" "JC1FLAGS=" "LDFLAGS=" "LIBCFLAGS=-g -O2" "LIBCFLAGS_FOR_TARGET=-g -O2" "MAKE=make" "MAKEINFO=makeinfo --split-size=5000000 --split-size=5000000 " "PICFLAG=" "PICFLAG_FOR_TARGET=" "SHELL=/bin/sh" "RUNTESTFLAGS=" "exec_prefix=/usr" "infodir=/usr/share/info" "libdir=/usr/lib" "prefix=/usr" "includedir=/usr/include" "AR=ar" "AS=/sources/gcc-build/./gcc/as" "CC=/sources/gcc-build/./gcc/xgcc -B/sources/gcc-build/./gcc/ -B/usr/powerpc-unknown-linux-gnu/bin/ -B/usr/powerpc-unknown-linux-gnu/lib/ -isystem /usr/powerpc-unknown-linux-gnu/include -isystem /usr/powerpc-unknown-linux-gnu/sys-include   " "CXX=/sources/gcc-build/./gcc/xg++ -B/sources/gcc-build/./gcc/ -nostdinc++ -nostdinc++ -I/sources/gcc-build/powerpc-unknown-linux-gnu/libstdc++-v3/include/powerpc-unknown-linux-gnu -I/sources/gcc-build/powerpc-unknown-linux-gnu/libstdc++-v3/include -I/sources/gcc-4.8.3/libstdc++-v3/libsupc++ -I/sources/gcc-4.8.3/libstdc++-v3/include/backward -I/sources/gcc-4.8.3/libstdc++-v3/testsuite/util -L/sources/gcc-build/powerpc-unknown-linux-gnu/libstdc++-v3/src -L/sources/gcc-build/powerpc-unknown-linux-gnu/libstdc++-v3/src/.libs -B/usr/powerpc-unknown-linux-gnu/bin/ -B/usr/powerpc-unknown-linux-gnu/lib/ -isystem /usr/powerpc-unknown-linux-gnu/include -isystem /usr/powerpc-unknown-linux-gnu/sys-include   " "LD=/sources/gcc-build/./gcc/collect-ld" "LIBCFLAGS=-g -O2" "NM=/sources/gcc-build/./gcc/nm" "PICFLAG=" "RANLIB=ranlib" "DESTDIR=" DO=all multi-do # make
make[4]: Leaving directory '/sources/gcc-build/powerpc-unknown-linux-gnu/libssp'
make[4]: Entering directory '/sources/gcc-build/powerpc-unknown-linux-gnu/libquadmath'
true  DO=all multi-do # make
make[4]: Leaving directory '/sources/gcc-build/powerpc-unknown-linux-gnu/libquadmath'
make[4]: Entering directory '/sources/gcc-build/powerpc-unknown-linux-gnu/libgomp'
Making check in testsuite
make[5]: Entering directory '/sources/gcc-build/powerpc-unknown-linux-gnu/libgomp/testsuite'
make  check-DEJAGNU
make[6]: Entering directory '/sources/gcc-build/powerpc-unknown-linux-gnu/libgomp/testsuite'
Making a new site.exp file...
srcdir=`CDPATH="${ZSH_VERSION+.}:" && cd ../../../../gcc-4.8.3/libgomp/testsuite && pwd`; export srcdir; \
EXPECT=expect; export EXPECT; \
runtest=runtest; \
if /bin/sh -c "$runtest --version" > /dev/null 2>&1; then \
  exit_status=0; l='libgomp'; for tool in $l; do \
    if $runtest  --tool $tool --srcdir $srcdir ; \
    then :; else exit_status=1; fi; \
  done; \
else echo "WARNING: could not find \`runtest'" 1>&2; :;\
fi; \
exit $exit_status
WARNING: Couldn't find the global config file.
Test Run By root on Mon Jun 30 16:05:45 2014
Native configuration is powerpc-unknown-linux-gnu

		=== libgomp tests ===

Schedule of variations:
    unix

Running target unix
Using /tools/share/dejagnu/baseboards/unix.exp as board description file for target.
Using /tools/share/dejagnu/config/unix.exp as generic interface file for target.
Using /sources/gcc-4.8.3/libgomp/testsuite/config/default.exp as tool-and-target-specific interface file.
Running /sources/gcc-4.8.3/libgomp/testsuite/libgomp.c/c.exp ...
Running /sources/gcc-4.8.3/libgomp/testsuite/libgomp.c++/c++.exp ...
Running /sources/gcc-4.8.3/libgomp/testsuite/libgomp.fortran/fortran.exp ...
No libgfortran library found, will not execute fortran tests
Running /sources/gcc-4.8.3/libgomp/testsuite/libgomp.graphite/graphite.exp ...
FAIL: libgomp.graphite/bounds.c scan-tree-dump-times graphite "0 loops carried no dependency" 1
FAIL: libgomp.graphite/force-parallel-4.c execution test
FAIL: libgomp.graphite/force-parallel-4.c scan-tree-dump-times graphite "2 loops carried no dependency" 1
FAIL: libgomp.graphite/force-parallel-6.c scan-tree-dump-times graphite "1 loops carried no dependency" 1
FAIL: libgomp.graphite/pr41118.c scan-tree-dump-times optimized "loopfn" 0

		=== libgomp Summary ===

# of expected passes		1359
# of unexpected failures	5
# of unsupported tests		1
Makefile:264: recipe for target 'check-DEJAGNU' failed
make[6]: *** [check-DEJAGNU] Error 1
make[6]: Leaving directory '/sources/gcc-build/powerpc-unknown-linux-gnu/libgomp/testsuite'
Makefile:301: recipe for target 'check-am' failed
make[5]: *** [check-am] Error 2
make[5]: Target 'check' not remade because of errors.
make[5]: Leaving directory '/sources/gcc-build/powerpc-unknown-linux-gnu/libgomp/testsuite'
make[5]: Entering directory '/sources/gcc-build/powerpc-unknown-linux-gnu/libgomp'
true  DO=all multi-do # make
make[5]: Leaving directory '/sources/gcc-build/powerpc-unknown-linux-gnu/libgomp'
Makefile:718: recipe for target 'check-recursive' failed
make[4]: *** [check-recursive] Error 1
make[4]: Target 'check' not remade because of errors.
make[4]: Leaving directory '/sources/gcc-build/powerpc-unknown-linux-gnu/libgomp'
Makefile:17373: recipe for target 'check-target-libgomp' failed
make[3]: *** [check-target-libgomp] Error 2
make[4]: Entering directory '/sources/gcc-build/powerpc-unknown-linux-gnu/libitm'
Making check in testsuite
make[5]: Entering directory '/sources/gcc-build/powerpc-unknown-linux-gnu/libitm/testsuite'
make  check-DEJAGNU
make[6]: Entering directory '/sources/gcc-build/powerpc-unknown-linux-gnu/libitm/testsuite'
Making a new site.exp file...
srcdir=`CDPATH="${ZSH_VERSION+.}:" && cd ../../../../gcc-4.8.3/libitm/testsuite && pwd`; export srcdir; \
EXPECT=expect; export EXPECT; \
runtest=runtest; \
if /bin/sh -c "$runtest --version" > /dev/null 2>&1; then \
  exit_status=0; l='libitm'; for tool in $l; do \
    if $runtest  --tool $tool --srcdir $srcdir ; \
    then :; else exit_status=1; fi; \
  done; \
else echo "WARNING: could not find \`runtest'" 1>&2; :;\
fi; \
exit $exit_status
WARNING: Couldn't find the global config file.
Test Run By root on Mon Jun 30 16:15:24 2014
Native configuration is powerpc-unknown-linux-gnu

		=== libitm tests ===

Schedule of variations:
    unix

Running target unix
Using /tools/share/dejagnu/baseboards/unix.exp as board description file for target.
Using /tools/share/dejagnu/config/unix.exp as generic interface file for target.
Using /sources/gcc-4.8.3/libitm/testsuite/config/default.exp as tool-and-target-specific interface file.
Running /sources/gcc-4.8.3/libitm/testsuite/libitm.c/c.exp ...
Running /sources/gcc-4.8.3/libitm/testsuite/libitm.c++/c++.exp ...

		=== libitm Summary ===

# of expected passes		26
# of expected failures		3
# of unsupported tests		1
make[6]: Leaving directory '/sources/gcc-build/powerpc-unknown-linux-gnu/libitm/testsuite'
make[5]: Leaving directory '/sources/gcc-build/powerpc-unknown-linux-gnu/libitm/testsuite'
make[5]: Entering directory '/sources/gcc-build/powerpc-unknown-linux-gnu/libitm'
true  DO=all multi-do # make
make[5]: Leaving directory '/sources/gcc-build/powerpc-unknown-linux-gnu/libitm'
make[4]: Leaving directory '/sources/gcc-build/powerpc-unknown-linux-gnu/libitm'
make[4]: Entering directory '/sources/gcc-build/powerpc-unknown-linux-gnu/libatomic'
Making check in testsuite
make[5]: Entering directory '/sources/gcc-build/powerpc-unknown-linux-gnu/libatomic/testsuite'
make  check-DEJAGNU
make[6]: Entering directory '/sources/gcc-build/powerpc-unknown-linux-gnu/libatomic/testsuite'
Making a new site.exp file...
srcdir=`CDPATH="${ZSH_VERSION+.}:" && cd ../../../../gcc-4.8.3/libatomic/testsuite && pwd`; export srcdir; \
EXPECT=expect; export EXPECT; \
runtest=runtest; \
if /bin/sh -c "$runtest --version" > /dev/null 2>&1; then \
  exit_status=0; l='libatomic'; for tool in $l; do \
    if $runtest  --tool $tool --srcdir $srcdir ; \
    then :; else exit_status=1; fi; \
  done; \
else echo "WARNING: could not find \`runtest'" 1>&2; :;\
fi; \
exit $exit_status
WARNING: Couldn't find the global config file.
Test Run By root on Mon Jun 30 16:15:32 2014
Native configuration is powerpc-unknown-linux-gnu

		=== libatomic tests ===

Schedule of variations:
    unix

Running target unix
Using /tools/share/dejagnu/baseboards/unix.exp as board description file for target.
Using /tools/share/dejagnu/config/unix.exp as generic interface file for target.
Using /sources/gcc-4.8.3/libatomic/testsuite/config/default.exp as tool-and-target-specific interface file.
Running /sources/gcc-4.8.3/libatomic/testsuite/libatomic.c/c.exp ...

		=== libatomic Summary ===

# of expected passes		34
# of unsupported tests		10
make[6]: Leaving directory '/sources/gcc-build/powerpc-unknown-linux-gnu/libatomic/testsuite'
make[5]: Leaving directory '/sources/gcc-build/powerpc-unknown-linux-gnu/libatomic/testsuite'
make[5]: Entering directory '/sources/gcc-build/powerpc-unknown-linux-gnu/libatomic'
true  DO=all multi-do # make
make[5]: Leaving directory '/sources/gcc-build/powerpc-unknown-linux-gnu/libatomic'
make[4]: Leaving directory '/sources/gcc-build/powerpc-unknown-linux-gnu/libatomic'
make[3]: Target 'check-target' not remade because of errors.
make[3]: Leaving directory '/sources/gcc-build'
Makefile:2168: recipe for target 'do-check' failed
make[2]: *** [do-check] Error 2
make[2]: Target 'check' not remade because of errors.
make[2]: Leaving directory '/sources/gcc-build'
cat <<'EOF' |
LAST_UPDATED: Obtained from SVN: tags/gcc_4_8_3_release revision 210800

Native configuration is powerpc-unknown-linux-gnu

		=== g++ tests ===


Running target unix

		=== g++ Summary ===

# of expected passes		51913
# of expected failures		292
# of unsupported tests		1003
/sources/gcc-build/gcc/testsuite/g++/../../xg++  version 4.8.3 (GCC) 

		=== gcc tests ===


Running target unix
FAIL: c-c++-common/asan/null-deref-1.c  -O0  output pattern test, is ASAN:SIGSEGV
FAIL: c-c++-common/asan/null-deref-1.c  -O1  output pattern test, is ASAN:SIGSEGV
FAIL: c-c++-common/asan/null-deref-1.c  -O2  output pattern test, is ASAN:SIGSEGV
FAIL: c-c++-common/asan/null-deref-1.c  -O3 -fomit-frame-pointer  output pattern test, is ASAN:SIGSEGV
FAIL: c-c++-common/asan/null-deref-1.c  -O3 -g  output pattern test, is ASAN:SIGSEGV
FAIL: c-c++-common/asan/null-deref-1.c  -Os  output pattern test, is ASAN:SIGSEGV
FAIL: c-c++-common/asan/null-deref-1.c  -O2 -flto -fno-use-linker-plugin -flto-partition=none  output pattern test, is ASAN:SIGSEGV
FAIL: c-c++-common/asan/null-deref-1.c  -O2 -flto -fuse-linker-plugin -fno-fat-lto-objects  output pattern test, is ASAN:SIGSEGV
FAIL: gcc.dg/and-1.c scan-assembler-not nand
FAIL: gcc.dg/tree-ssa/sra-12.c scan-tree-dump-times release_ssa "l;" 0
FAIL: gcc.dg/tree-ssa/ssa-dom-thread-4.c scan-tree-dump-times dom1 "Threaded" 3
FAIL: gcc.dg/tree-ssa/vrp47.c scan-tree-dump-times vrp1 "[xy][^ ]* !=" 0
FAIL: gcc.dg/tree-ssa/vrp47.c scan-tree-dump-times dom2 "x[^ ]* & y" 1
FAIL: gcc.dg/vmx/extract-vsx-be-order.c  -O0  execution test
FAIL: gcc.dg/vmx/extract-vsx.c  -O0  execution test
FAIL: gcc.dg/vmx/insert-vsx-be-order.c  -O0  execution test
FAIL: gcc.dg/vmx/insert-vsx-be-order.c  -O1  execution test
FAIL: gcc.dg/vmx/insert-vsx-be-order.c  -O2  execution test
FAIL: gcc.dg/vmx/insert-vsx-be-order.c  -O3 -fomit-frame-pointer  execution test
FAIL: gcc.dg/vmx/insert-vsx-be-order.c  -O3 -g  execution test
FAIL: gcc.dg/vmx/insert-vsx-be-order.c  -Os  execution test
FAIL: gcc.dg/vmx/insert-vsx-be-order.c  -O2 -flto -fno-use-linker-plugin -flto-partition=none  execution test
FAIL: gcc.dg/vmx/insert-vsx-be-order.c  -O2 -flto -fuse-linker-plugin -fno-fat-lto-objects  execution test
FAIL: gcc.dg/vmx/insert-vsx.c  -O0  execution test
FAIL: gcc.dg/vmx/insert-vsx.c  -O1  execution test
FAIL: gcc.dg/vmx/insert-vsx.c  -O2  execution test
FAIL: gcc.dg/vmx/insert-vsx.c  -O3 -fomit-frame-pointer  execution test
FAIL: gcc.dg/vmx/insert-vsx.c  -O3 -g  execution test
FAIL: gcc.dg/vmx/insert-vsx.c  -Os  execution test
FAIL: gcc.dg/vmx/insert-vsx.c  -O2 -flto -fno-use-linker-plugin -flto-partition=none  execution test
FAIL: gcc.dg/vmx/insert-vsx.c  -O2 -flto -fuse-linker-plugin -fno-fat-lto-objects  execution test
FAIL: gcc.dg/vmx/ld-vsx-be-order.c  -O0  execution test
FAIL: gcc.dg/vmx/ld-vsx-be-order.c  -O1  execution test
FAIL: gcc.dg/vmx/ld-vsx-be-order.c  -O2  execution test
FAIL: gcc.dg/vmx/ld-vsx-be-order.c  -O3 -fomit-frame-pointer  execution test
FAIL: gcc.dg/vmx/ld-vsx-be-order.c  -O3 -fomit-frame-pointer -funroll-loops  execution test
FAIL: gcc.dg/vmx/ld-vsx-be-order.c  -O3 -fomit-frame-pointer -funroll-all-loops -finline-functions  execution test
FAIL: gcc.dg/vmx/ld-vsx-be-order.c  -O3 -g  execution test
FAIL: gcc.dg/vmx/ld-vsx-be-order.c  -Os  execution test
FAIL: gcc.dg/vmx/ld-vsx-be-order.c  -O2 -flto -fno-use-linker-plugin -flto-partition=none  execution test
FAIL: gcc.dg/vmx/ld-vsx-be-order.c  -O2 -flto -fuse-linker-plugin -fno-fat-lto-objects  execution test
FAIL: gcc.dg/vmx/ld-vsx.c  -O0  execution test
FAIL: gcc.dg/vmx/ld-vsx.c  -O1  execution test
FAIL: gcc.dg/vmx/ld-vsx.c  -O2  execution test
FAIL: gcc.dg/vmx/ld-vsx.c  -O3 -fomit-frame-pointer  execution test
FAIL: gcc.dg/vmx/ld-vsx.c  -O3 -fomit-frame-pointer -funroll-loops  execution test
FAIL: gcc.dg/vmx/ld-vsx.c  -O3 -fomit-frame-pointer -funroll-all-loops -finline-functions  execution test
FAIL: gcc.dg/vmx/ld-vsx.c  -O3 -g  execution test
FAIL: gcc.dg/vmx/ld-vsx.c  -Os  execution test
FAIL: gcc.dg/vmx/ld-vsx.c  -O2 -flto -fno-use-linker-plugin -flto-partition=none  execution test
FAIL: gcc.dg/vmx/ld-vsx.c  -O2 -flto -fuse-linker-plugin -fno-fat-lto-objects  execution test
FAIL: gcc.dg/vmx/ldl-vsx-be-order.c  -O0  execution test
FAIL: gcc.dg/vmx/ldl-vsx-be-order.c  -O1  execution test
FAIL: gcc.dg/vmx/ldl-vsx-be-order.c  -O2  execution test
FAIL: gcc.dg/vmx/ldl-vsx-be-order.c  -O3 -fomit-frame-pointer  execution test
FAIL: gcc.dg/vmx/ldl-vsx-be-order.c  -O3 -fomit-frame-pointer -funroll-loops  execution test
FAIL: gcc.dg/vmx/ldl-vsx-be-order.c  -O3 -fomit-frame-pointer -funroll-all-loops -finline-functions  execution test
FAIL: gcc.dg/vmx/ldl-vsx-be-order.c  -O3 -g  execution test
FAIL: gcc.dg/vmx/ldl-vsx-be-order.c  -Os  execution test
FAIL: gcc.dg/vmx/ldl-vsx-be-order.c  -O2 -flto -fno-use-linker-plugin -flto-partition=none  execution test
FAIL: gcc.dg/vmx/ldl-vsx-be-order.c  -O2 -flto -fuse-linker-plugin -fno-fat-lto-objects  execution test
FAIL: gcc.dg/vmx/ldl-vsx.c  -O0  execution test
FAIL: gcc.dg/vmx/ldl-vsx.c  -O1  execution test
FAIL: gcc.dg/vmx/ldl-vsx.c  -O2  execution test
FAIL: gcc.dg/vmx/ldl-vsx.c  -O3 -fomit-frame-pointer  execution test
FAIL: gcc.dg/vmx/ldl-vsx.c  -O3 -fomit-frame-pointer -funroll-loops  execution test
FAIL: gcc.dg/vmx/ldl-vsx.c  -O3 -fomit-frame-pointer -funroll-all-loops -finline-functions  execution test
FAIL: gcc.dg/vmx/ldl-vsx.c  -O3 -g  execution test
FAIL: gcc.dg/vmx/ldl-vsx.c  -Os  execution test
FAIL: gcc.dg/vmx/ldl-vsx.c  -O2 -flto -fno-use-linker-plugin -flto-partition=none  execution test
FAIL: gcc.dg/vmx/ldl-vsx.c  -O2 -flto -fuse-linker-plugin -fno-fat-lto-objects  execution test
FAIL: gcc.dg/vmx/merge-vsx-be-order.c  -O0  execution test
FAIL: gcc.dg/vmx/merge-vsx-be-order.c  -O1  execution test
FAIL: gcc.dg/vmx/merge-vsx-be-order.c  -O2  execution test
FAIL: gcc.dg/vmx/merge-vsx-be-order.c  -O3 -fomit-frame-pointer  execution test
FAIL: gcc.dg/vmx/merge-vsx-be-order.c  -O3 -g  execution test
FAIL: gcc.dg/vmx/merge-vsx-be-order.c  -Os  execution test
FAIL: gcc.dg/vmx/merge-vsx-be-order.c  -O2 -flto -fno-use-linker-plugin -flto-partition=none  execution test
FAIL: gcc.dg/vmx/merge-vsx-be-order.c  -O2 -flto -fuse-linker-plugin -fno-fat-lto-objects  execution test
FAIL: gcc.dg/vmx/merge-vsx.c  -O0  execution test
FAIL: gcc.dg/vmx/merge-vsx.c  -O1  execution test
FAIL: gcc.dg/vmx/merge-vsx.c  -O2  execution test
FAIL: gcc.dg/vmx/merge-vsx.c  -O3 -fomit-frame-pointer  execution test
FAIL: gcc.dg/vmx/merge-vsx.c  -O3 -g  execution test
FAIL: gcc.dg/vmx/merge-vsx.c  -Os  execution test
FAIL: gcc.dg/vmx/merge-vsx.c  -O2 -flto -fno-use-linker-plugin -flto-partition=none  execution test
FAIL: gcc.dg/vmx/merge-vsx.c  -O2 -flto -fuse-linker-plugin -fno-fat-lto-objects  execution test
FAIL: gcc.dg/vmx/splat-vsx-be-order.c  -O0  execution test
FAIL: gcc.dg/vmx/splat-vsx-be-order.c  -O1  execution test
FAIL: gcc.dg/vmx/splat-vsx-be-order.c  -O2  execution test
FAIL: gcc.dg/vmx/splat-vsx-be-order.c  -O3 -fomit-frame-pointer  execution test
FAIL: gcc.dg/vmx/splat-vsx-be-order.c  -O3 -g  execution test
FAIL: gcc.dg/vmx/splat-vsx-be-order.c  -Os  execution test
FAIL: gcc.dg/vmx/splat-vsx-be-order.c  -O2 -flto -fno-use-linker-plugin -flto-partition=none  execution test
FAIL: gcc.dg/vmx/splat-vsx-be-order.c  -O2 -flto -fuse-linker-plugin -fno-fat-lto-objects  execution test
FAIL: gcc.dg/vmx/splat-vsx.c  -O0  execution test
FAIL: gcc.dg/vmx/splat-vsx.c  -O1  execution test
FAIL: gcc.dg/vmx/splat-vsx.c  -O2  execution test
FAIL: gcc.dg/vmx/splat-vsx.c  -O3 -fomit-frame-pointer  execution test
FAIL: gcc.dg/vmx/splat-vsx.c  -O3 -g  execution test
FAIL: gcc.dg/vmx/splat-vsx.c  -Os  execution test
FAIL: gcc.dg/vmx/splat-vsx.c  -O2 -flto -fno-use-linker-plugin -flto-partition=none  execution test
FAIL: gcc.dg/vmx/splat-vsx.c  -O2 -flto -fuse-linker-plugin -fno-fat-lto-objects  execution test
FAIL: gcc.dg/vmx/st-vsx-be-order.c  -O0  execution test
FAIL: gcc.dg/vmx/st-vsx-be-order.c  -O1  execution test
FAIL: gcc.dg/vmx/st-vsx-be-order.c  -O2  execution test
FAIL: gcc.dg/vmx/st-vsx-be-order.c  -O3 -fomit-frame-pointer  execution test
FAIL: gcc.dg/vmx/st-vsx-be-order.c  -O3 -fomit-frame-pointer -funroll-loops  execution test
FAIL: gcc.dg/vmx/st-vsx-be-order.c  -O3 -fomit-frame-pointer -funroll-all-loops -finline-functions  execution test
FAIL: gcc.dg/vmx/st-vsx-be-order.c  -O3 -g  execution test
FAIL: gcc.dg/vmx/st-vsx-be-order.c  -Os  execution test
FAIL: gcc.dg/vmx/st-vsx-be-order.c  -O2 -flto -fno-use-linker-plugin -flto-partition=none  execution test
FAIL: gcc.dg/vmx/st-vsx-be-order.c  -O2 -flto -fuse-linker-plugin -fno-fat-lto-objects  execution test
FAIL: gcc.dg/vmx/st-vsx.c  -O0  execution test
FAIL: gcc.dg/vmx/st-vsx.c  -O1  execution test
FAIL: gcc.dg/vmx/st-vsx.c  -O2  execution test
FAIL: gcc.dg/vmx/st-vsx.c  -O3 -fomit-frame-pointer  execution test
FAIL: gcc.dg/vmx/st-vsx.c  -O3 -fomit-frame-pointer -funroll-loops  execution test
FAIL: gcc.dg/vmx/st-vsx.c  -O3 -fomit-frame-pointer -funroll-all-loops -finline-functions  execution test
FAIL: gcc.dg/vmx/st-vsx.c  -O3 -g  execution test
FAIL: gcc.dg/vmx/st-vsx.c  -Os  execution test
FAIL: gcc.dg/vmx/st-vsx.c  -O2 -flto -fno-use-linker-plugin -flto-partition=none  execution test
FAIL: gcc.dg/vmx/st-vsx.c  -O2 -flto -fuse-linker-plugin -fno-fat-lto-objects  execution test
FAIL: gcc.dg/vmx/stl-vsx-be-order.c  -O0  execution test
FAIL: gcc.dg/vmx/stl-vsx-be-order.c  -O1  execution test
FAIL: gcc.dg/vmx/stl-vsx-be-order.c  -O2  execution test
FAIL: gcc.dg/vmx/stl-vsx-be-order.c  -O3 -fomit-frame-pointer  execution test
FAIL: gcc.dg/vmx/stl-vsx-be-order.c  -O3 -fomit-frame-pointer -funroll-loops  execution test
FAIL: gcc.dg/vmx/stl-vsx-be-order.c  -O3 -fomit-frame-pointer -funroll-all-loops -finline-functions  execution test
FAIL: gcc.dg/vmx/stl-vsx-be-order.c  -O3 -g  execution test
FAIL: gcc.dg/vmx/stl-vsx-be-order.c  -Os  execution test
FAIL: gcc.dg/vmx/stl-vsx-be-order.c  -O2 -flto -fno-use-linker-plugin -flto-partition=none  execution test
FAIL: gcc.dg/vmx/stl-vsx-be-order.c  -O2 -flto -fuse-linker-plugin -fno-fat-lto-objects  execution test
FAIL: gcc.dg/vmx/stl-vsx.c  -O0  execution test
FAIL: gcc.dg/vmx/stl-vsx.c  -O1  execution test
FAIL: gcc.dg/vmx/stl-vsx.c  -O2  execution test
FAIL: gcc.dg/vmx/stl-vsx.c  -O3 -fomit-frame-pointer  execution test
FAIL: gcc.dg/vmx/stl-vsx.c  -O3 -fomit-frame-pointer -funroll-loops  execution test
FAIL: gcc.dg/vmx/stl-vsx.c  -O3 -fomit-frame-pointer -funroll-all-loops -finline-functions  execution test
FAIL: gcc.dg/vmx/stl-vsx.c  -O3 -g  execution test
FAIL: gcc.dg/vmx/stl-vsx.c  -Os  execution test
FAIL: gcc.dg/vmx/stl-vsx.c  -O2 -flto -fno-use-linker-plugin -flto-partition=none  execution test
FAIL: gcc.dg/vmx/stl-vsx.c  -O2 -flto -fuse-linker-plugin -fno-fat-lto-objects  execution test
FAIL: gcc.target/powerpc/405-dlmzb-strlen-1.c scan-assembler dlmzb\\\\. 
FAIL: gcc.target/powerpc/440-dlmzb-strlen-1.c scan-assembler dlmzb\\\\. 
FAIL: gcc.target/powerpc/ppc-vector-memcpy.c scan-assembler lvx
FAIL: gcc.target/powerpc/pr46728-10.c execution test
FAIL: gcc.target/powerpc/pr46728-11.c execution test
FAIL: gcc.target/powerpc/pr46728-13.c execution test
FAIL: gcc.target/powerpc/pr46728-14.c execution test

		=== gcc Summary ===

# of expected passes		90407
# of unexpected failures	150
# of expected failures		230
# of unsupported tests		1431
/sources/gcc-build/gcc/xgcc  version 4.8.3 (GCC) 

		=== libatomic tests ===


Running target unix

		=== libatomic Summary ===

# of expected passes		34
# of unsupported tests		10
		=== libgomp tests ===


Running target unix
FAIL: libgomp.graphite/bounds.c scan-tree-dump-times graphite "0 loops carried no dependency" 1
FAIL: libgomp.graphite/force-parallel-4.c execution test
FAIL: libgomp.graphite/force-parallel-4.c scan-tree-dump-times graphite "2 loops carried no dependency" 1
FAIL: libgomp.graphite/force-parallel-6.c scan-tree-dump-times graphite "1 loops carried no dependency" 1
FAIL: libgomp.graphite/pr41118.c scan-tree-dump-times optimized "loopfn" 0

		=== libgomp Summary ===

# of expected passes		1359
# of unexpected failures	5
# of unsupported tests		1
		=== libitm tests ===


Running target unix

		=== libitm Summary ===

# of expected passes		26
# of expected failures		3
# of unsupported tests		1
		=== libmudflap tests ===


Running target unix
FAIL: libmudflap.c++/pass41-frag.cxx (-static) execution test
FAIL: libmudflap.c++/pass41-frag.cxx ( -O) execution test
FAIL: libmudflap.c++/pass41-frag.cxx (-O2) execution test
FAIL: libmudflap.c++/pass41-frag.cxx (-O3) execution test

		=== libmudflap Summary ===

# of expected passes		1902
# of unexpected failures	4
		=== libstdc++ tests ===


Running target unix

		=== libstdc++ Summary ===

# of expected passes		9235
# of expected failures		45
# of unsupported tests		230

Compiler version: 4.8.3 (GCC) 
Platform: powerpc-unknown-linux-gnu
configure flags: --prefix=/usr --libexecdir=/usr/lib --enable-shared --enable-threads=posix --enable-__cxa_atexit --enable-c99 --enable-long-long --enable-clocale=gnu --enable-languages=c,c++ --disable-multilib --disable-libstdcxx-pch --with-system-zlib --enable-checking=release --enable-libstdcxx-time
EOF
Mail -s "Results for 4.8.3 (GCC) testsuite on powerpc-unknown-linux-gnu" gcc-testresults@gcc.gnu.org &&
mv /sources/gcc-build/./gcc/testsuite/g++/g++.sum /sources/gcc-build/./gcc/testsuite/g++/g++.sum.sent &&
mv /sources/gcc-build/./gcc/testsuite/gcc/gcc.sum /sources/gcc-build/./gcc/testsuite/gcc/gcc.sum.sent &&
mv /sources/gcc-build/./powerpc-unknown-linux-gnu/libatomic/testsuite/libatomic.sum /sources/gcc-build/./powerpc-unknown-linux-gnu/libatomic/testsuite/libatomic.sum.sent &&
mv /sources/gcc-build/./powerpc-unknown-linux-gnu/libgomp/testsuite/libgomp.sum /sources/gcc-build/./powerpc-unknown-linux-gnu/libgomp/testsuite/libgomp.sum.sent &&
mv /sources/gcc-build/./powerpc-unknown-linux-gnu/libitm/testsuite/libitm.sum /sources/gcc-build/./powerpc-unknown-linux-gnu/libitm/testsuite/libitm.sum.sent &&
mv /sources/gcc-build/./powerpc-unknown-linux-gnu/libmudflap/testsuite/libmudflap.sum /sources/gcc-build/./powerpc-unknown-linux-gnu/libmudflap/testsuite/libmudflap.sum.sent &&
mv /sources/gcc-build/./powerpc-unknown-linux-gnu/libstdc++-v3/testsuite/libstdc++.sum /sources/gcc-build/./powerpc-unknown-linux-gnu/libstdc++-v3/testsuite/libstdc++.sum.sent &&
mv /sources/gcc-build/./gcc/testsuite/g++/g++.log /sources/gcc-build/./gcc/testsuite/g++/g++.log.sent &&
mv /sources/gcc-build/./gcc/testsuite/gcc/gcc.log /sources/gcc-build/./gcc/testsuite/gcc/gcc.log.sent &&
mv /sources/gcc-build/./powerpc-unknown-linux-gnu/libatomic/testsuite/libatomic.log /sources/gcc-build/./powerpc-unknown-linux-gnu/libatomic/testsuite/libatomic.log.sent &&
mv /sources/gcc-build/./powerpc-unknown-linux-gnu/libgomp/testsuite/libgomp.log /sources/gcc-build/./powerpc-unknown-linux-gnu/libgomp/testsuite/libgomp.log.sent &&
mv /sources/gcc-build/./powerpc-unknown-linux-gnu/libitm/testsuite/libitm.log /sources/gcc-build/./powerpc-unknown-linux-gnu/libitm/testsuite/libitm.log.sent &&
mv /sources/gcc-build/./powerpc-unknown-linux-gnu/libmudflap/testsuite/libmudflap.log /sources/gcc-build/./powerpc-unknown-linux-gnu/libmudflap/testsuite/libmudflap.log.sent &&
mv /sources/gcc-build/./powerpc-unknown-linux-gnu/libstdc++-v3/testsuite/libstdc++.log /sources/gcc-build/./powerpc-unknown-linux-gnu/libstdc++-v3/testsuite/libstdc++.log.sent &&
true
