Mon Jun 30 16:30:16 UTC 2014
make[2]: Entering directory '/sources/util-linux-2.24.2'
make  check-recursive
make[3]: Entering directory '/sources/util-linux-2.24.2'
Making check in po
make[4]: Entering directory '/sources/util-linux-2.24.2/po'
make[4]: Nothing to be done for 'check'.
make[4]: Leaving directory '/sources/util-linux-2.24.2/po'
make[4]: Entering directory '/sources/util-linux-2.24.2'
make  test_at test_blkdev test_canonicalize test_colors test_fileutils test_ismounted test_mangle test_procutils test_randutils test_strutils test_tt test_ttyutils test_wholedisk test_cpuset test_sysfs test_loopdev test_pager test_uuid test_blkid_cache test_blkid_config test_blkid_dev test_blkid_devname test_blkid_devno test_blkid_evaluate test_blkid_read test_blkid_resolve test_blkid_save test_blkid_tag test_blkid_verify sample-mkfs sample-partitions sample-superblocks sample-topology test_mount_cache test_mount_context test_mount_lock test_mount_optstr test_mount_tab test_mount_tab_diff test_mount_tab_update test_mount_utils test_mount_version test_fdisk_ask test_fdisk_utils test_more test_consoles test_islocal test_logindefs test_fsck.cramfs test_byteswap test_md5 test_pathnames test_sysinfo
make[5]: Entering directory '/sources/util-linux-2.24.2'
  CC       lib/test_at-at.o
  CCLD     test_at
  CC       lib/test_blkdev-blkdev.o
  CCLD     test_blkdev
  CC       lib/test_canonicalize-canonicalize.o
  CCLD     test_canonicalize
  CC       lib/test_colors-colors.o
  CCLD     test_colors
  CC       lib/test_fileutils-fileutils.o
  CCLD     test_fileutils
  CC       lib/test_ismounted-ismounted.o
  CCLD     test_ismounted
  CC       lib/test_mangle-mangle.o
  CCLD     test_mangle
  CC       lib/test_procutils-procutils.o
  CC       lib/test_procutils-at.o
  CCLD     test_procutils
  CC       lib/test_randutils-randutils.o
  CCLD     test_randutils
  CC       lib/test_strutils-strutils.o
  CCLD     test_strutils
  CC       lib/test_tt-tt.o
  CCLD     test_tt
  CC       lib/test_ttyutils-ttyutils.o
  CCLD     test_ttyutils
  CC       lib/test_wholedisk-wholedisk.o
  CCLD     test_wholedisk
  CC       lib/test_cpuset-cpuset.o
  CCLD     test_cpuset
  CC       lib/test_sysfs-sysfs.o
  CCLD     test_sysfs
  CC       lib/test_loopdev-loopdev.o
  CCLD     test_loopdev
  CC       lib/test_pager-pager.o
  CCLD     test_pager
  CC       libuuid/src/test_uuid-test_uuid.o
  CCLD     test_uuid
  CC       libblkid/src/test_blkid_cache-cache.o
  CCLD     test_blkid_cache
  CC       libblkid/src/test_blkid_config-config.o
  CCLD     test_blkid_config
  CC       libblkid/src/test_blkid_dev-dev.o
  CCLD     test_blkid_dev
  CC       libblkid/src/test_blkid_devname-devname.o
  CCLD     test_blkid_devname
  CC       libblkid/src/test_blkid_devno-devno.o
  CCLD     test_blkid_devno
  CC       libblkid/src/test_blkid_evaluate-evaluate.o
  CCLD     test_blkid_evaluate
  CC       libblkid/src/test_blkid_read-read.o
  CCLD     test_blkid_read
  CC       libblkid/src/test_blkid_resolve-resolve.o
  CCLD     test_blkid_resolve
  CC       libblkid/src/test_blkid_save-save.o
  CCLD     test_blkid_save
  CC       libblkid/src/test_blkid_tag-tag.o
  CCLD     test_blkid_tag
  CC       libblkid/src/test_blkid_verify-verify.o
  CCLD     test_blkid_verify
  CC       libblkid/samples/sample_mkfs-mkfs.o
  CCLD     sample-mkfs
  CC       libblkid/samples/sample_partitions-partitions.o
  CCLD     sample-partitions
  CC       libblkid/samples/sample_superblocks-superblocks.o
  CCLD     sample-superblocks
  CC       libblkid/samples/sample_topology-topology.o
  CCLD     sample-topology
  CC       libmount/src/test_mount_cache-cache.o
  CCLD     test_mount_cache
  CC       libmount/src/test_mount_context-context.o
  CCLD     test_mount_context
  CC       libmount/src/test_mount_lock-lock.o
  CCLD     test_mount_lock
  CC       libmount/src/test_mount_optstr-optstr.o
  CCLD     test_mount_optstr
  CC       libmount/src/test_mount_tab-tab.o
  CCLD     test_mount_tab
  CC       libmount/src/test_mount_tab_diff-tab_diff.o
  CCLD     test_mount_tab_diff
  CC       libmount/src/test_mount_tab_update-tab_update.o
  CCLD     test_mount_tab_update
  CC       libmount/src/test_mount_utils-utils.o
  CCLD     test_mount_utils
  CC       libmount/src/test_mount_version-version.o
  CCLD     test_mount_version
  CC       libfdisk/src/test_fdisk_ask-ask.o
  CCLD     test_fdisk_ask
  CC       libfdisk/src/test_fdisk_utils-utils.o
  CCLD     test_fdisk_utils
  CC       text-utils/test_more-more.o
  CCLD     test_more
  CC       login-utils/test_consoles-sulogin-consoles.o
  CCLD     test_consoles
  CC       login-utils/test_islocal-islocal.o
  CCLD     test_islocal
  CC       login-utils/test_logindefs-logindefs.o
  CCLD     test_logindefs
  CC       disk-utils/test_fsck_cramfs-fsck.cramfs.o
disk-utils/fsck.cramfs.c: In function 'test_fs':
disk-utils/fsck.cramfs.c:631:35: warning: format '%ld' expects argument of type 'long int', but argument 4 has type 'unsigned int' [-Wformat=]
         start_data, sizeof(struct cramfs_super) + start);
                                   ^
  CC       disk-utils/test_fsck_cramfs-cramfs_common.o
  CCLD     test_fsck.cramfs
  CC       tests/helpers/test_byteswap.o
  CCLD     test_byteswap
  CC       tests/helpers/test_md5.o
  CCLD     test_md5
  CC       tests/helpers/test_pathnames.o
  CCLD     test_pathnames
  CC       tests/helpers/test_sysinfo.o
tests/helpers/test_sysinfo.c: In function 'hlp_wordsize':
tests/helpers/test_sysinfo.c:30:2: warning: format '%lu' expects argument of type 'long unsigned int', but argument 2 has type 'unsigned int' [-Wformat=]
  printf("%lu\n", CHAR_BIT * sizeof(void*));
  ^
  CCLD     test_sysinfo
make[5]: Leaving directory '/sources/util-linux-2.24.2'
make  check-TESTS check-local
make[5]: Entering directory '/sources/util-linux-2.24.2'
make[6]: Entering directory '/sources/util-linux-2.24.2'
make[7]: Entering directory '/sources/util-linux-2.24.2'
make  all-recursive
make[8]: Entering directory '/sources/util-linux-2.24.2'
Making all in po
make[9]: Entering directory '/sources/util-linux-2.24.2/po'
make[9]: Nothing to be done for 'all'.
make[9]: Leaving directory '/sources/util-linux-2.24.2/po'
make[9]: Entering directory '/sources/util-linux-2.24.2'
make[9]: Leaving directory '/sources/util-linux-2.24.2'
make[8]: Leaving directory '/sources/util-linux-2.24.2'
make[7]: Leaving directory '/sources/util-linux-2.24.2'
============================================================================
Testsuite summary for util-linux 2.24.2
============================================================================
# TOTAL: 0
# PASS:  0
# SKIP:  0
# XFAIL: 0
# FAIL:  0
# XPASS: 0
# ERROR: 0
============================================================================
make[6]: Leaving directory '/sources/util-linux-2.24.2'
./tests/run.sh --srcdir=/sources/util-linux-2.24.2 --builddir=/sources/util-linux-2.24.2 --nonroot

-------------------- util-linux regression tests --------------------

                    For development purpose only.                    
                 Don't execute on production system!                 

       bitops: swap bytes                     ... OK
        blkid: low-level superblocks probing  ...
                : adaptec-raid                ... OK
                : bcache-B                    ... OK
                : bcache-C                    ... OK
                : befs                        ... OK
                : bfs                         ... OK
                : cramfs                      ... OK
                : ddf-raid                    ... OK
                : exfat                       ... OK
                : ext2                        ... OK
                : ext3                        ... OK
                : f2fs                        ... OK
                : fat                         ... OK
                : fat16_noheads               ... OK
                : fat32_label_64MB            ... OK
                : gfs2                        ... OK
                : hfs                         ... OK
                : hfsplus                     ... OK
                : hpfs                        ... OK
                : hpt37x-raid                 ... OK
                : hpt45x-raid                 ... OK
                : iso-joliet                  ... OK
                : iso-rr-joliet               ... OK
                : iso                         ... OK
                : isw-raid                    ... OK
                : jbd                         ... OK
                : jfs                         ... OK
                : jmicron-raid                ... OK
                : lsi-raid                    ... OK
                : lvm2                        ... OK
                : mdraid                      ... OK
                : minix-BE                    ... OK
                : minix-LE                    ... OK
                : netware                     ... OK
                : nilfs2                      ... OK
                : ntfs                        ... OK
                : nvidia-raid                 ... OK
                : ocfs2                       ... OK
                : promise-raid                ... OK
                : reiser3                     ... OK
                : reiser4                     ... OK
                : romfs                       ... OK
                : silicon-raid                ... OK
                : small-fat32                 ... OK
                : swap0                       ... OK
                : swap1                       ... OK
                : tuxonice                    ... OK
                : ubifs                       ... OK
                : udf                         ... OK
                : ufs                         ... OK
                : via-raid                    ... OK
                : vmfs                        ... OK
                : vmfs_volume                 ... OK
                : xfs-log                     ... OK
                : xfs                         ... OK
                : zfs                         ... OK
           ... OK (all 55 sub-tests PASSED)
        blkid: partitions probing             ...
                : bsd                         ... OK
                : dos+bsd                     ... OK
                : gpt                         ... OK
                : sgi                         ... OK
                : sun                         ... OK
           ... OK (all 5 sub-tests PASSED)
        blkid: MD raid0 (whole-disks)         ... IGNORE (not root permissions)
        blkid: MD raid1 (last partition)      ... IGNORE (not root permissions)
        blkid: MD raid1 (whole-disks)         ... IGNORE (not root permissions)
    build-sys: config                         ... IGNORE (optional)
          cal: 1 month                        ... OK
          cal: 3 months                       ... OK
          cal: Year 1234567890123456789       ...cal: illegal year value: '1234567890123456789': Numerical result out of range
cal: illegal year value: '1234567890123456789': Numerical result out of range
cal: illegal year value: '1234567890123456789': Numerical result out of range
cal: illegal year value: '1234567890123456789': Numerical result out of range
cal: illegal year value: '1234567890123456789': Numerical result out of range
cal: illegal year value: '1234567890123456789': Numerical result out of range
cal: illegal year value: '1234567890123456789': Numerical result out of range
cal: illegal year value: '1234567890123456789': Numerical result out of range
cal: illegal year value: '1234567890123456789': Numerical result out of range
cal: illegal year value: '1234567890123456789': Numerical result out of range
cal: illegal year value: '1234567890123456789': Numerical result out of range
 FAILED (cal/bigyear)
          cal: color                          ... OK
          cal: September 1752                 ... OK
          cal: year                           ... OK
          col: multibyte input                ... OK
        colrm: basic check                    ... OK
       column: fill row                       ... OK
       column: multiple files                 ... OK
       column: separator & table              ... OK
       cramfs: mkfs doubles                   ... IGNORE (not root permissions)
       cramfs: fsck endianness                ... IGNORE (not root permissions)
       cramfs: mkfs checksums                 ... IGNORE (not root permissions)
       cramfs: mkfs endianness                ... IGNORE (not root permissions)
        dmesg: levels                         ... OK
        dmesg: decode                         ... OK
        dmesg: delta                          ... OK
        dmesg: facilities                     ... OK
        eject: umount                         ... IGNORE (not root permissions)
        fdisk: align 512/4K                   ... IGNORE (not root permissions)
        fdisk: align 512/4K +alignment_offset ... IGNORE (not root permissions)
        fdisk: align 512/4K +MD               ... IGNORE (not root permissions)
        fdisk: align 512/512                  ... IGNORE (not root permissions)
        fdisk: align 512/512 +topology        ... IGNORE (not root permissions)
        fdisk: nested BSD                     ... FAILED (fdisk/bsd)
        fdisk: GPT                            ...The backup GPT table is corrupt, but the primary appears OK, so that will be used.
 OK
        fdisk: MBR - id                       ... OK
        fdisk: MBR - dos mode                 ... OK
        fdisk: MBR - non-dos mode             ... OK
        fdisk: MBR - sort                     ... OK
        fdisk: invalid input tests            ... OK
        fdisk: sunlabel tests                 ... OK
         fsck: is mounted                     ... IGNORE (not root permissions)
      hexdump: format-strings                 ... FAILED (hexdump/empty-format)
      hwclock: system to hw                   ... IGNORE (not root permissions)
         ipcs: headers                        ... OK
         ipcs: limits overflow                ... IGNORE (not root permissions)
         ipcs: basic limits                   ... IGNORE (cannot find bc command)
         ipcs: mk-rm-msg                      ... OK
         ipcs: mk-rm-sem                      ... OK
         ipcs: mk-rm-shm                      ... OK
      isosize: print-size                     ... OK
         last: last ipv6                      ... FAILED (last/ipv6)
         last: last                           ... FAILED (last/last)
     libmount: context                        ... IGNORE (not root permissions)
     libmount: context-py                     ... IGNORE (pylibmount not compiled)
     libmount: context (utab)                 ... IGNORE (not root permissions)
     libmount: context-py (utab)              ... IGNORE (pylibmount not compiled)
     libmount: lock                           ... OK
     libmount: options string                 ...
                : append                      ... OK
                : append-value                ... OK
                : prepend                     ... OK
                : prepend-value               ... OK
                : set-remove                  ... OK
                : set-small                   ... OK
                : set-large                   ... OK
                : set-new                     ... OK
                : set-new-end                 ... OK
                : get                         ... OK
                : get-value                   ... OK
                : remove                      ... OK
                : remove-quoted               ... OK
                : remove-value                ... OK
                : split                       ... OK
                : flags                       ... OK
                : apply-linux                 ... OK
                : apply-user                  ... OK
                : fix                         ... OK
                : deduplicate                 ... OK
           ... OK (all 20 sub-tests PASSED)
     libmount: table diffs                    ...
                : mount                       ... OK
                : umount                      ... OK
                : remount                     ... OK
                : move                        ... OK
           ... OK (all 4 sub-tests PASSED)
     libmount: tab files                      ...
                : parse-fstab                 ... OK
                : parse-fstab-full            ... OK
                : parse-mtab                  ... OK
                : parse-fstab-broken          ... OK
                : parse-mountinfo             ... OK
                : copy                        ... OK
                : find-source                 ... OK
                : find-target                 ... OK
                : find-target2                ... OK
                : find-target3                ... OK
                : find-pair                   ... OK
           ... OK (all 11 sub-tests PASSED)
     libmount: tab files-py                   ... IGNORE (pylibmount not compiled)
     libmount: tags                           ... IGNORE (not root permissions)
     libmount: tags-py                        ... IGNORE (pylibmount not compiled)
     libmount: tab update                     ... IGNORE (not root permissions)
     libmount: tab update-py                  ... IGNORE (pylibmount not compiled)
     libmount: utils                          ...
                : match-fstype                ... OK
                : match-fstype-neg            ... OK
                : match-fstype-neg2           ... OK
                : match-options               ... OK
                : match-options-list          ... OK
                : match-options-neg           ... OK
                : match-options-neg-list      ... OK
                : match-options-neg-list2     ... OK
                : starts-with                 ... OK
                : ends-with                   ... OK
                : mountpoint                  ... OK
                : mountpoint-subdir           ... OK
                : mountpoint-root             ... OK
                : fs-root                     ... OK
                : fs-root-subdir              ... OK
                : fs-root-subdir2             ... OK
                : kernel-cmdline              ... OK
           ... OK (all 17 sub-tests PASSED)
        login: islocal                        ... OK
        login: defs                           ... OK
         look: separator                      ... OK
      losetup: losetup                        ... IGNORE (not root permissions)
        lscpu:                                ...
                : armv7                       ... OK
                : ppc-qemu                    ... OK
                : ppc64-POWER7-64cpu          ... OK
                : ppc64-POWER7                ... OK
                : s390-kvm                    ... OK
                : s390-lpar                   ... OK
                : s390-zvm                    ... OK
                : x86_64-64cpu                ... OK
                : x86_64-dell_e4310           ... OK
           ... OK (all 9 sub-tests PASSED)
          md5:                                ... OK
        minix: mkfs checksums                 ... IGNORE (not root permissions)
        minix: mkfs                           ... IGNORE (not root permissions)
         misc: fallocate                      ... OK
         misc: getopt                         ... OK
         misc: ionice                         ... OK
         misc: line                           ... IGNORE (line disabled)
         misc: mcookie                        ...mcookie: cannot open /etc/services: No such file or directory
 OK
         misc: rev                            ... OK
         misc: setarch                        ... OK
         misc: setsid                         ... OK
         misc: strtosize                      ... OK
         misc: ul                             ... OK
         misc: whereis                        ... OK
         more: regexp                         ... OK
         more: squeeze                        ... OK
        mount: by devname                     ... IGNORE (not root permissions)
        mount: broken fstab                   ... IGNORE (not root permissions)
        mount: by devname (fstab)             ... IGNORE (not root permissions)
        mount: by devname (fstab label)       ... IGNORE (not root permissions)
        mount: by devname (fstab uuid)        ... IGNORE (not root permissions)
        mount: by label (fstab)               ... IGNORE (not root permissions)
        mount: by label (fstab devname)       ... IGNORE (not root permissions)
        mount: by label (fstab uuid)          ... IGNORE (not root permissions)
        mount: none                           ... IGNORE (not root permissions)
        mount: by devname (fstab symlink)     ... IGNORE (not root permissions)
        mount: by uuid (fstab)                ... IGNORE (not root permissions)
        mount: by uuid (fstab devname)        ... IGNORE (not root permissions)
        mount: by uuid (fstab label)          ... IGNORE (not root permissions)
        mount: by label                       ... IGNORE (not root permissions)
        mount: move                           ... IGNORE (not root permissions)
        mount: non canonical path             ... IGNORE (not root permissions)
        mount: basic paths                    ... IGNORE (not root permissions)
        mount: regular file                   ... IGNORE (not root permissions)
        mount: remount                        ... IGNORE (not root permissions)
        mount: rlimit-fsize                   ... IGNORE (not root permissions)
        mount: shared-subtree                 ... IGNORE (not root permissions)
        mount: call mount.<type>              ... IGNORE (not root permissions)
        mount: umount-all-targets             ... IGNORE (not root permissions)
        mount: umount-recursive               ... IGNORE (not root permissions)
        mount: by uuid                        ... IGNORE (not root permissions)
        namei: basic functionality            ... OK
        partx: partitions probing             ... IGNORE (not root permissions)
        paths: built-in                       ... OK
   schedutils: cpuset                         ... OK
       script: race conditions                ...script: openpty failed: No such file or directory
make[5]: *** wait: No child processes.  Stop.
make[5]: *** Waiting for unfinished jobs....
make[5]: *** wait: No child processes.  Stop.
make[4]: *** wait: No child processes.  Stop.
make[4]: *** Waiting for unfinished jobs....
make[4]: *** wait: No child processes.  Stop.
make[3]: *** wait: No child processes.  Stop.
make[3]: *** Waiting for unfinished jobs....
make[3]: *** wait: No child processes.  Stop.
make[2]: *** wait: No child processes.  Stop.
make[2]: *** Waiting for unfinished jobs....
make[2]: *** wait: No child processes.  Stop.
